<?xml version="1.0" encoding="UTF-8"?>
<testsuite xmlns:xsi="http://www.w3.org/2001/XMLSchema-instance" xsi:noNamespaceSchemaLocation="https://maven.apache.org/surefire/maven-surefire-plugin/xsd/surefire-test-report-3.0.xsd" version="3.0" name="com.cs4256.drinkmorewater.BookmarkTests" time="5.277" tests="10" errors="0" skipped="0" failures="0">
  <properties>
[...]
</properties>
  <testcase name="testCountByRestId" classname="com.cs4256.drinkmorewater.BookmarkTests" time="0.065">
    <system-out><![CDATA[23:14:45.574 [main] DEBUG org.springframework.test.context.junit4.SpringJUnit4ClassRunner - SpringJUnit4ClassRunner constructor called with [class com.cs4256.drinkmorewater.BookmarkTests]
23:14:45.581 [main] DEBUG org.springframework.test.context.BootstrapUtils - Instantiating CacheAwareContextLoaderDelegate from class [org.springframework.test.context.cache.DefaultCacheAwareContextLoaderDelegate]
23:14:45.587 [main] DEBUG org.springframework.test.context.BootstrapUtils - Instantiating BootstrapContext using constructor [public org.springframework.test.context.support.DefaultBootstrapContext(java.lang.Class,org.springframework.test.context.CacheAwareContextLoaderDelegate)]
23:14:45.619 [main] DEBUG org.springframework.test.context.BootstrapUtils - Instantiating TestContextBootstrapper for test class [com.cs4256.drinkmorewater.BookmarkTests] from class [org.springframework.boot.test.context.SpringBootTestContextBootstrapper]
23:14:45.627 [main] INFO org.springframework.boot.test.context.SpringBootTestContextBootstrapper - Neither @ContextConfiguration nor @ContextHierarchy found for test class [com.cs4256.drinkmorewater.BookmarkTests], using SpringBootContextLoader
23:14:45.631 [main] DEBUG org.springframework.test.context.support.AbstractContextLoader - Did not detect default resource location for test class [com.cs4256.drinkmorewater.BookmarkTests]: class path resource [com/cs4256/drinkmorewater/BookmarkTests-context.xml] does not exist
23:14:45.631 [main] DEBUG org.springframework.test.context.support.AbstractContextLoader - Did not detect default resource location for test class [com.cs4256.drinkmorewater.BookmarkTests]: class path resource [com/cs4256/drinkmorewater/BookmarkTestsContext.groovy] does not exist
23:14:45.631 [main] INFO org.springframework.test.context.support.AbstractContextLoader - Could not detect default resource locations for test class [com.cs4256.drinkmorewater.BookmarkTests]: no resource found for suffixes {-context.xml, Context.groovy}.
23:14:45.632 [main] INFO org.springframework.test.context.support.AnnotationConfigContextLoaderUtils - Could not detect default configuration classes for test class [com.cs4256.drinkmorewater.BookmarkTests]: BookmarkTests does not declare any static, non-private, non-final, nested classes annotated with @Configuration.
23:14:45.677 [main] DEBUG org.springframework.test.context.support.ActiveProfilesUtils - Could not find an 'annotation declaring class' for annotation type [org.springframework.test.context.ActiveProfiles] and class [com.cs4256.drinkmorewater.BookmarkTests]
23:14:45.741 [main] DEBUG org.springframework.context.annotation.ClassPathScanningCandidateComponentProvider - Identified candidate component class: file [C:\Users\ruoch\Desktop\2022 FALL\CS4156 Advanced software engineering\CS4156_DrinkMoreWater\target\classes\com\cs4256\drinkmorewater\DrinkMoreWaterApplication.class]
23:14:45.743 [main] INFO org.springframework.boot.test.context.SpringBootTestContextBootstrapper - Found @SpringBootConfiguration com.cs4256.drinkmorewater.DrinkMoreWaterApplication for test class com.cs4256.drinkmorewater.BookmarkTests
23:14:45.834 [main] DEBUG org.springframework.boot.test.context.SpringBootTestContextBootstrapper - @TestExecutionListeners is not present for class [com.cs4256.drinkmorewater.BookmarkTests]: using defaults.
23:14:45.835 [main] INFO org.springframework.boot.test.context.SpringBootTestContextBootstrapper - Loaded default TestExecutionListener class names from location [META-INF/spring.factories]: [org.springframework.boot.test.mock.mockito.MockitoTestExecutionListener, org.springframework.boot.test.mock.mockito.ResetMocksTestExecutionListener, org.springframework.boot.test.autoconfigure.restdocs.RestDocsTestExecutionListener, org.springframework.boot.test.autoconfigure.web.client.MockRestServiceServerResetTestExecutionListener, org.springframework.boot.test.autoconfigure.web.servlet.MockMvcPrintOnlyOnFailureTestExecutionListener, org.springframework.boot.test.autoconfigure.web.servlet.WebDriverTestExecutionListener, org.springframework.boot.test.autoconfigure.webservices.client.MockWebServiceServerTestExecutionListener, org.springframework.test.context.web.ServletTestExecutionListener, org.springframework.test.context.support.DirtiesContextBeforeModesTestExecutionListener, org.springframework.test.context.event.ApplicationEventsTestExecutionListener, org.springframework.test.context.support.DependencyInjectionTestExecutionListener, org.springframework.test.context.support.DirtiesContextTestExecutionListener, org.springframework.test.context.transaction.TransactionalTestExecutionListener, org.springframework.test.context.jdbc.SqlScriptsTestExecutionListener, org.springframework.test.context.event.EventPublishingTestExecutionListener]
23:14:45.851 [main] INFO org.springframework.boot.test.context.SpringBootTestContextBootstrapper - Using TestExecutionListeners: [org.springframework.test.context.web.ServletTestExecutionListener@4b9df8a, org.springframework.test.context.support.DirtiesContextBeforeModesTestExecutionListener@5e8ac0e1, org.springframework.test.context.event.ApplicationEventsTestExecutionListener@aafcffa, org.springframework.boot.test.mock.mockito.MockitoTestExecutionListener@6955cb39, org.springframework.boot.test.autoconfigure.SpringBootDependencyInjectionTestExecutionListener@235a0c16, org.springframework.test.context.support.DirtiesContextTestExecutionListener@2b5f4d54, org.springframework.test.context.transaction.TransactionalTestExecutionListener@5f7b97da, org.springframework.test.context.jdbc.SqlScriptsTestExecutionListener@18b0930f, org.springframework.test.context.event.EventPublishingTestExecutionListener@6b7906b3, org.springframework.boot.test.mock.mockito.ResetMocksTestExecutionListener@3a1dd365, org.springframework.boot.test.autoconfigure.restdocs.RestDocsTestExecutionListener@395b56bb, org.springframework.boot.test.autoconfigure.web.client.MockRestServiceServerResetTestExecutionListener@256f8274, org.springframework.boot.test.autoconfigure.web.servlet.MockMvcPrintOnlyOnFailureTestExecutionListener@68044f4, org.springframework.boot.test.autoconfigure.web.servlet.WebDriverTestExecutionListener@52d239ba, org.springframework.boot.test.autoconfigure.webservices.client.MockWebServiceServerTestExecutionListener@315f43d5]
23:14:45.853 [main] DEBUG org.springframework.test.annotation.ProfileValueUtils - Retrieved @ProfileValueSourceConfiguration [null] for test class [com.cs4256.drinkmorewater.BookmarkTests]
23:14:45.854 [main] DEBUG org.springframework.test.annotation.ProfileValueUtils - Retrieved ProfileValueSource type [class org.springframework.test.annotation.SystemProfileValueSource] for class [com.cs4256.drinkmorewater.BookmarkTests]
23:14:45.856 [main] DEBUG org.springframework.test.annotation.ProfileValueUtils - Retrieved @ProfileValueSourceConfiguration [null] for test class [com.cs4256.drinkmorewater.BookmarkTests]
23:14:45.856 [main] DEBUG org.springframework.test.annotation.ProfileValueUtils - Retrieved ProfileValueSource type [class org.springframework.test.annotation.SystemProfileValueSource] for class [com.cs4256.drinkmorewater.BookmarkTests]
23:14:45.859 [main] DEBUG org.springframework.test.annotation.ProfileValueUtils - Retrieved @ProfileValueSourceConfiguration [null] for test class [com.cs4256.drinkmorewater.BookmarkTests]
23:14:45.859 [main] DEBUG org.springframework.test.annotation.ProfileValueUtils - Retrieved ProfileValueSource type [class org.springframework.test.annotation.SystemProfileValueSource] for class [com.cs4256.drinkmorewater.BookmarkTests]
23:14:45.915 [main] DEBUG org.springframework.test.context.junit4.SpringJUnit4ClassRunner - SpringJUnit4ClassRunner constructor called with [class com.cs4256.drinkmorewater.DishTests]
23:14:45.915 [main] DEBUG org.springframework.test.context.BootstrapUtils - Instantiating CacheAwareContextLoaderDelegate from class [org.springframework.test.context.cache.DefaultCacheAwareContextLoaderDelegate]
23:14:45.916 [main] DEBUG org.springframework.test.context.BootstrapUtils - Instantiating BootstrapContext using constructor [public org.springframework.test.context.support.DefaultBootstrapContext(java.lang.Class,org.springframework.test.context.CacheAwareContextLoaderDelegate)]
23:14:45.916 [main] DEBUG org.springframework.test.context.BootstrapUtils - Instantiating TestContextBootstrapper for test class [com.cs4256.drinkmorewater.DishTests] from class [org.springframework.boot.test.context.SpringBootTestContextBootstrapper]
23:14:45.916 [main] INFO org.springframework.boot.test.context.SpringBootTestContextBootstrapper - Neither @ContextConfiguration nor @ContextHierarchy found for test class [com.cs4256.drinkmorewater.DishTests], using SpringBootContextLoader
23:14:45.917 [main] DEBUG org.springframework.test.context.support.AbstractContextLoader - Did not detect default resource location for test class [com.cs4256.drinkmorewater.DishTests]: class path resource [com/cs4256/drinkmorewater/DishTests-context.xml] does not exist
23:14:45.917 [main] DEBUG org.springframework.test.context.support.AbstractContextLoader - Did not detect default resource location for test class [com.cs4256.drinkmorewater.DishTests]: class path resource [com/cs4256/drinkmorewater/DishTestsContext.groovy] does not exist
23:14:45.918 [main] INFO org.springframework.test.context.support.AbstractContextLoader - Could not detect default resource locations for test class [com.cs4256.drinkmorewater.DishTests]: no resource found for suffixes {-context.xml, Context.groovy}.
23:14:45.918 [main] INFO org.springframework.test.context.support.AnnotationConfigContextLoaderUtils - Could not detect default configuration classes for test class [com.cs4256.drinkmorewater.DishTests]: DishTests does not declare any static, non-private, non-final, nested classes annotated with @Configuration.
23:14:45.922 [main] DEBUG org.springframework.test.context.support.ActiveProfilesUtils - Could not find an 'annotation declaring class' for annotation type [org.springframework.test.context.ActiveProfiles] and class [com.cs4256.drinkmorewater.DishTests]
23:14:45.922 [main] INFO org.springframework.boot.test.context.SpringBootTestContextBootstrapper - Found @SpringBootConfiguration com.cs4256.drinkmorewater.DrinkMoreWaterApplication for test class com.cs4256.drinkmorewater.DishTests
23:14:45.924 [main] DEBUG org.springframework.boot.test.context.SpringBootTestContextBootstrapper - @TestExecutionListeners is not present for class [com.cs4256.drinkmorewater.DishTests]: using defaults.
23:14:45.925 [main] INFO org.springframework.boot.test.context.SpringBootTestContextBootstrapper - Loaded default TestExecutionListener class names from location [META-INF/spring.factories]: [org.springframework.boot.test.mock.mockito.MockitoTestExecutionListener, org.springframework.boot.test.mock.mockito.ResetMocksTestExecutionListener, org.springframework.boot.test.autoconfigure.restdocs.RestDocsTestExecutionListener, org.springframework.boot.test.autoconfigure.web.client.MockRestServiceServerResetTestExecutionListener, org.springframework.boot.test.autoconfigure.web.servlet.MockMvcPrintOnlyOnFailureTestExecutionListener, org.springframework.boot.test.autoconfigure.web.servlet.WebDriverTestExecutionListener, org.springframework.boot.test.autoconfigure.webservices.client.MockWebServiceServerTestExecutionListener, org.springframework.test.context.web.ServletTestExecutionListener, org.springframework.test.context.support.DirtiesContextBeforeModesTestExecutionListener, org.springframework.test.context.event.ApplicationEventsTestExecutionListener, org.springframework.test.context.support.DependencyInjectionTestExecutionListener, org.springframework.test.context.support.DirtiesContextTestExecutionListener, org.springframework.test.context.transaction.TransactionalTestExecutionListener, org.springframework.test.context.jdbc.SqlScriptsTestExecutionListener, org.springframework.test.context.event.EventPublishingTestExecutionListener]
23:14:45.925 [main] INFO org.springframework.boot.test.context.SpringBootTestContextBootstrapper - Using TestExecutionListeners: [org.springframework.test.context.web.ServletTestExecutionListener@5b43fbf6, org.springframework.test.context.support.DirtiesContextBeforeModesTestExecutionListener@1080b026, org.springframework.test.context.event.ApplicationEventsTestExecutionListener@58ebfd03, org.springframework.boot.test.mock.mockito.MockitoTestExecutionListener@5b07730f, org.springframework.boot.test.autoconfigure.SpringBootDependencyInjectionTestExecutionListener@1fdfafd2, org.springframework.test.context.support.DirtiesContextTestExecutionListener@a4b2d8f, org.springframework.test.context.transaction.TransactionalTestExecutionListener@dcfda20, org.springframework.test.context.jdbc.SqlScriptsTestExecutionListener@6d304f9d, org.springframework.test.context.event.EventPublishingTestExecutionListener@f73dcd6, org.springframework.boot.test.mock.mockito.ResetMocksTestExecutionListener@5c87bfe2, org.springframework.boot.test.autoconfigure.restdocs.RestDocsTestExecutionListener@2fea7088, org.springframework.boot.test.autoconfigure.web.client.MockRestServiceServerResetTestExecutionListener@40499e4f, org.springframework.boot.test.autoconfigure.web.servlet.MockMvcPrintOnlyOnFailureTestExecutionListener@51cd7ffc, org.springframework.boot.test.autoconfigure.web.servlet.WebDriverTestExecutionListener@30d4b288, org.springframework.boot.test.autoconfigure.webservices.client.MockWebServiceServerTestExecutionListener@4cc6fa2a]
23:14:45.925 [main] DEBUG org.springframework.test.annotation.ProfileValueUtils - Retrieved @ProfileValueSourceConfiguration [null] for test class [com.cs4256.drinkmorewater.DishTests]
23:14:45.925 [main] DEBUG org.springframework.test.annotation.ProfileValueUtils - Retrieved ProfileValueSource type [class org.springframework.test.annotation.SystemProfileValueSource] for class [com.cs4256.drinkmorewater.DishTests]
23:14:45.926 [main] DEBUG org.springframework.test.annotation.ProfileValueUtils - Retrieved @ProfileValueSourceConfiguration [null] for test class [com.cs4256.drinkmorewater.DishTests]
23:14:45.926 [main] DEBUG org.springframework.test.annotation.ProfileValueUtils - Retrieved ProfileValueSource type [class org.springframework.test.annotation.SystemProfileValueSource] for class [com.cs4256.drinkmorewater.DishTests]
23:14:45.926 [main] DEBUG org.springframework.test.annotation.ProfileValueUtils - Retrieved @ProfileValueSourceConfiguration [null] for test class [com.cs4256.drinkmorewater.DishTests]
23:14:45.926 [main] DEBUG org.springframework.test.annotation.ProfileValueUtils - Retrieved ProfileValueSource type [class org.springframework.test.annotation.SystemProfileValueSource] for class [com.cs4256.drinkmorewater.DishTests]
23:14:45.963 [main] DEBUG org.springframework.test.context.junit4.SpringJUnit4ClassRunner - SpringJUnit4ClassRunner constructor called with [class com.cs4256.drinkmorewater.OrderDishTests]
23:14:45.963 [main] DEBUG org.springframework.test.context.BootstrapUtils - Instantiating CacheAwareContextLoaderDelegate from class [org.springframework.test.context.cache.DefaultCacheAwareContextLoaderDelegate]
23:14:45.963 [main] DEBUG org.springframework.test.context.BootstrapUtils - Instantiating BootstrapContext using constructor [public org.springframework.test.context.support.DefaultBootstrapContext(java.lang.Class,org.springframework.test.context.CacheAwareContextLoaderDelegate)]
23:14:45.964 [main] DEBUG org.springframework.test.context.BootstrapUtils - Instantiating TestContextBootstrapper for test class [com.cs4256.drinkmorewater.OrderDishTests] from class [org.springframework.boot.test.context.SpringBootTestContextBootstrapper]
23:14:45.964 [main] INFO org.springframework.boot.test.context.SpringBootTestContextBootstrapper - Neither @ContextConfiguration nor @ContextHierarchy found for test class [com.cs4256.drinkmorewater.OrderDishTests], using SpringBootContextLoader
23:14:45.964 [main] DEBUG org.springframework.test.context.support.AbstractContextLoader - Did not detect default resource location for test class [com.cs4256.drinkmorewater.OrderDishTests]: class path resource [com/cs4256/drinkmorewater/OrderDishTests-context.xml] does not exist
23:14:45.965 [main] DEBUG org.springframework.test.context.support.AbstractContextLoader - Did not detect default resource location for test class [com.cs4256.drinkmorewater.OrderDishTests]: class path resource [com/cs4256/drinkmorewater/OrderDishTestsContext.groovy] does not exist
23:14:45.965 [main] INFO org.springframework.test.context.support.AbstractContextLoader - Could not detect default resource locations for test class [com.cs4256.drinkmorewater.OrderDishTests]: no resource found for suffixes {-context.xml, Context.groovy}.
23:14:45.965 [main] INFO org.springframework.test.context.support.AnnotationConfigContextLoaderUtils - Could not detect default configuration classes for test class [com.cs4256.drinkmorewater.OrderDishTests]: OrderDishTests does not declare any static, non-private, non-final, nested classes annotated with @Configuration.
23:14:45.967 [main] DEBUG org.springframework.test.context.support.ActiveProfilesUtils - Could not find an 'annotation declaring class' for annotation type [org.springframework.test.context.ActiveProfiles] and class [com.cs4256.drinkmorewater.OrderDishTests]
23:14:45.967 [main] INFO org.springframework.boot.test.context.SpringBootTestContextBootstrapper - Found @SpringBootConfiguration com.cs4256.drinkmorewater.DrinkMoreWaterApplication for test class com.cs4256.drinkmorewater.OrderDishTests
23:14:45.969 [main] DEBUG org.springframework.boot.test.context.SpringBootTestContextBootstrapper - @TestExecutionListeners is not present for class [com.cs4256.drinkmorewater.OrderDishTests]: using defaults.
23:14:45.969 [main] INFO org.springframework.boot.test.context.SpringBootTestContextBootstrapper - Loaded default TestExecutionListener class names from location [META-INF/spring.factories]: [org.springframework.boot.test.mock.mockito.MockitoTestExecutionListener, org.springframework.boot.test.mock.mockito.ResetMocksTestExecutionListener, org.springframework.boot.test.autoconfigure.restdocs.RestDocsTestExecutionListener, org.springframework.boot.test.autoconfigure.web.client.MockRestServiceServerResetTestExecutionListener, org.springframework.boot.test.autoconfigure.web.servlet.MockMvcPrintOnlyOnFailureTestExecutionListener, org.springframework.boot.test.autoconfigure.web.servlet.WebDriverTestExecutionListener, org.springframework.boot.test.autoconfigure.webservices.client.MockWebServiceServerTestExecutionListener, org.springframework.test.context.web.ServletTestExecutionListener, org.springframework.test.context.support.DirtiesContextBeforeModesTestExecutionListener, org.springframework.test.context.event.ApplicationEventsTestExecutionListener, org.springframework.test.context.support.DependencyInjectionTestExecutionListener, org.springframework.test.context.support.DirtiesContextTestExecutionListener, org.springframework.test.context.transaction.TransactionalTestExecutionListener, org.springframework.test.context.jdbc.SqlScriptsTestExecutionListener, org.springframework.test.context.event.EventPublishingTestExecutionListener]
23:14:45.970 [main] INFO org.springframework.boot.test.context.SpringBootTestContextBootstrapper - Using TestExecutionListeners: [org.springframework.test.context.web.ServletTestExecutionListener@83298d7, org.springframework.test.context.support.DirtiesContextBeforeModesTestExecutionListener@42a9e5d1, org.springframework.test.context.event.ApplicationEventsTestExecutionListener@5b080f3a, org.springframework.boot.test.mock.mockito.MockitoTestExecutionListener@773cbf4f, org.springframework.boot.test.autoconfigure.SpringBootDependencyInjectionTestExecutionListener@6b54655f, org.springframework.test.context.support.DirtiesContextTestExecutionListener@665e9289, org.springframework.test.context.transaction.TransactionalTestExecutionListener@7d3430a7, org.springframework.test.context.jdbc.SqlScriptsTestExecutionListener@6f603e89, org.springframework.test.context.event.EventPublishingTestExecutionListener@2756c0a7, org.springframework.boot.test.mock.mockito.ResetMocksTestExecutionListener@350ec41e, org.springframework.boot.test.autoconfigure.restdocs.RestDocsTestExecutionListener@69637b10, org.springframework.boot.test.autoconfigure.web.client.MockRestServiceServerResetTestExecutionListener@71984c3, org.springframework.boot.test.autoconfigure.web.servlet.MockMvcPrintOnlyOnFailureTestExecutionListener@165b2f7f, org.springframework.boot.test.autoconfigure.web.servlet.WebDriverTestExecutionListener@5536379e, org.springframework.boot.test.autoconfigure.webservices.client.MockWebServiceServerTestExecutionListener@277f7dd3]
23:14:45.970 [main] DEBUG org.springframework.test.annotation.ProfileValueUtils - Retrieved @ProfileValueSourceConfiguration [null] for test class [com.cs4256.drinkmorewater.OrderDishTests]
23:14:45.970 [main] DEBUG org.springframework.test.annotation.ProfileValueUtils - Retrieved ProfileValueSource type [class org.springframework.test.annotation.SystemProfileValueSource] for class [com.cs4256.drinkmorewater.OrderDishTests]
23:14:45.970 [main] DEBUG org.springframework.test.annotation.ProfileValueUtils - Retrieved @ProfileValueSourceConfiguration [null] for test class [com.cs4256.drinkmorewater.OrderDishTests]
23:14:45.970 [main] DEBUG org.springframework.test.annotation.ProfileValueUtils - Retrieved ProfileValueSource type [class org.springframework.test.annotation.SystemProfileValueSource] for class [com.cs4256.drinkmorewater.OrderDishTests]
23:14:45.970 [main] DEBUG org.springframework.test.annotation.ProfileValueUtils - Retrieved @ProfileValueSourceConfiguration [null] for test class [com.cs4256.drinkmorewater.OrderDishTests]
23:14:45.971 [main] DEBUG org.springframework.test.annotation.ProfileValueUtils - Retrieved ProfileValueSource type [class org.springframework.test.annotation.SystemProfileValueSource] for class [com.cs4256.drinkmorewater.OrderDishTests]
23:14:45.976 [main] DEBUG org.springframework.test.context.junit4.SpringJUnit4ClassRunner - SpringJUnit4ClassRunner constructor called with [class com.cs4256.drinkmorewater.OrderProfileTests]
23:14:45.976 [main] DEBUG org.springframework.test.context.BootstrapUtils - Instantiating CacheAwareContextLoaderDelegate from class [org.springframework.test.context.cache.DefaultCacheAwareContextLoaderDelegate]
23:14:45.976 [main] DEBUG org.springframework.test.context.BootstrapUtils - Instantiating BootstrapContext using constructor [public org.springframework.test.context.support.DefaultBootstrapContext(java.lang.Class,org.springframework.test.context.CacheAwareContextLoaderDelegate)]
23:14:45.977 [main] DEBUG org.springframework.test.context.BootstrapUtils - Instantiating TestContextBootstrapper for test class [com.cs4256.drinkmorewater.OrderProfileTests] from class [org.springframework.boot.test.context.SpringBootTestContextBootstrapper]
23:14:45.977 [main] INFO org.springframework.boot.test.context.SpringBootTestContextBootstrapper - Neither @ContextConfiguration nor @ContextHierarchy found for test class [com.cs4256.drinkmorewater.OrderProfileTests], using SpringBootContextLoader
23:14:45.978 [main] DEBUG org.springframework.test.context.support.AbstractContextLoader - Did not detect default resource location for test class [com.cs4256.drinkmorewater.OrderProfileTests]: class path resource [com/cs4256/drinkmorewater/OrderProfileTests-context.xml] does not exist
23:14:45.978 [main] DEBUG org.springframework.test.context.support.AbstractContextLoader - Did not detect default resource location for test class [com.cs4256.drinkmorewater.OrderProfileTests]: class path resource [com/cs4256/drinkmorewater/OrderProfileTestsContext.groovy] does not exist
23:14:45.978 [main] INFO org.springframework.test.context.support.AbstractContextLoader - Could not detect default resource locations for test class [com.cs4256.drinkmorewater.OrderProfileTests]: no resource found for suffixes {-context.xml, Context.groovy}.
23:14:45.979 [main] INFO org.springframework.test.context.support.AnnotationConfigContextLoaderUtils - Could not detect default configuration classes for test class [com.cs4256.drinkmorewater.OrderProfileTests]: OrderProfileTests does not declare any static, non-private, non-final, nested classes annotated with @Configuration.
23:14:45.980 [main] DEBUG org.springframework.test.context.support.ActiveProfilesUtils - Could not find an 'annotation declaring class' for annotation type [org.springframework.test.context.ActiveProfiles] and class [com.cs4256.drinkmorewater.OrderProfileTests]
23:14:45.981 [main] INFO org.springframework.boot.test.context.SpringBootTestContextBootstrapper - Found @SpringBootConfiguration com.cs4256.drinkmorewater.DrinkMoreWaterApplication for test class com.cs4256.drinkmorewater.OrderProfileTests
23:14:45.982 [main] DEBUG org.springframework.boot.test.context.SpringBootTestContextBootstrapper - @TestExecutionListeners is not present for class [com.cs4256.drinkmorewater.OrderProfileTests]: using defaults.
23:14:45.983 [main] INFO org.springframework.boot.test.context.SpringBootTestContextBootstrapper - Loaded default TestExecutionListener class names from location [META-INF/spring.factories]: [org.springframework.boot.test.mock.mockito.MockitoTestExecutionListener, org.springframework.boot.test.mock.mockito.ResetMocksTestExecutionListener, org.springframework.boot.test.autoconfigure.restdocs.RestDocsTestExecutionListener, org.springframework.boot.test.autoconfigure.web.client.MockRestServiceServerResetTestExecutionListener, org.springframework.boot.test.autoconfigure.web.servlet.MockMvcPrintOnlyOnFailureTestExecutionListener, org.springframework.boot.test.autoconfigure.web.servlet.WebDriverTestExecutionListener, org.springframework.boot.test.autoconfigure.webservices.client.MockWebServiceServerTestExecutionListener, org.springframework.test.context.web.ServletTestExecutionListener, org.springframework.test.context.support.DirtiesContextBeforeModesTestExecutionListener, org.springframework.test.context.event.ApplicationEventsTestExecutionListener, org.springframework.test.context.support.DependencyInjectionTestExecutionListener, org.springframework.test.context.support.DirtiesContextTestExecutionListener, org.springframework.test.context.transaction.TransactionalTestExecutionListener, org.springframework.test.context.jdbc.SqlScriptsTestExecutionListener, org.springframework.test.context.event.EventPublishingTestExecutionListener]
23:14:45.983 [main] INFO org.springframework.boot.test.context.SpringBootTestContextBootstrapper - Using TestExecutionListeners: [org.springframework.test.context.web.ServletTestExecutionListener@3f1c5af9, org.springframework.test.context.support.DirtiesContextBeforeModesTestExecutionListener@1c55f277, org.springframework.test.context.event.ApplicationEventsTestExecutionListener@5ddabb18, org.springframework.boot.test.mock.mockito.MockitoTestExecutionListener@3e8f7922, org.springframework.boot.test.autoconfigure.SpringBootDependencyInjectionTestExecutionListener@63192798, org.springframework.test.context.support.DirtiesContextTestExecutionListener@50eca7c6, org.springframework.test.context.transaction.TransactionalTestExecutionListener@58e6d4b8, org.springframework.test.context.jdbc.SqlScriptsTestExecutionListener@1de5f0ef, org.springframework.test.context.event.EventPublishingTestExecutionListener@376a312c, org.springframework.boot.test.mock.mockito.ResetMocksTestExecutionListener@28d6290, org.springframework.boot.test.autoconfigure.restdocs.RestDocsTestExecutionListener@6ca0256d, org.springframework.boot.test.autoconfigure.web.client.MockRestServiceServerResetTestExecutionListener@5ef0d29e, org.springframework.boot.test.autoconfigure.web.servlet.MockMvcPrintOnlyOnFailureTestExecutionListener@38f57b3d, org.springframework.boot.test.autoconfigure.web.servlet.WebDriverTestExecutionListener@51850751, org.springframework.boot.test.autoconfigure.webservices.client.MockWebServiceServerTestExecutionListener@3ce3db41]
23:14:45.983 [main] DEBUG org.springframework.test.annotation.ProfileValueUtils - Retrieved @ProfileValueSourceConfiguration [null] for test class [com.cs4256.drinkmorewater.OrderProfileTests]
23:14:45.983 [main] DEBUG org.springframework.test.annotation.ProfileValueUtils - Retrieved ProfileValueSource type [class org.springframework.test.annotation.SystemProfileValueSource] for class [com.cs4256.drinkmorewater.OrderProfileTests]
23:14:45.984 [main] DEBUG org.springframework.test.annotation.ProfileValueUtils - Retrieved @ProfileValueSourceConfiguration [null] for test class [com.cs4256.drinkmorewater.OrderProfileTests]
23:14:45.984 [main] DEBUG org.springframework.test.annotation.ProfileValueUtils - Retrieved ProfileValueSource type [class org.springframework.test.annotation.SystemProfileValueSource] for class [com.cs4256.drinkmorewater.OrderProfileTests]
23:14:45.984 [main] DEBUG org.springframework.test.annotation.ProfileValueUtils - Retrieved @ProfileValueSourceConfiguration [null] for test class [com.cs4256.drinkmorewater.OrderProfileTests]
23:14:45.984 [main] DEBUG org.springframework.test.annotation.ProfileValueUtils - Retrieved ProfileValueSource type [class org.springframework.test.annotation.SystemProfileValueSource] for class [com.cs4256.drinkmorewater.OrderProfileTests]
23:14:45.993 [main] DEBUG org.springframework.test.context.junit4.SpringJUnit4ClassRunner - SpringJUnit4ClassRunner constructor called with [class com.cs4256.drinkmorewater.RestaurantTests]
23:14:45.994 [main] DEBUG org.springframework.test.context.BootstrapUtils - Instantiating CacheAwareContextLoaderDelegate from class [org.springframework.test.context.cache.DefaultCacheAwareContextLoaderDelegate]
23:14:45.994 [main] DEBUG org.springframework.test.context.BootstrapUtils - Instantiating BootstrapContext using constructor [public org.springframework.test.context.support.DefaultBootstrapContext(java.lang.Class,org.springframework.test.context.CacheAwareContextLoaderDelegate)]
23:14:45.994 [main] DEBUG org.springframework.test.context.BootstrapUtils - Instantiating TestContextBootstrapper for test class [com.cs4256.drinkmorewater.RestaurantTests] from class [org.springframework.boot.test.context.SpringBootTestContextBootstrapper]
23:14:45.995 [main] INFO org.springframework.boot.test.context.SpringBootTestContextBootstrapper - Neither @ContextConfiguration nor @ContextHierarchy found for test class [com.cs4256.drinkmorewater.RestaurantTests], using SpringBootContextLoader
23:14:45.995 [main] DEBUG org.springframework.test.context.support.AbstractContextLoader - Did not detect default resource location for test class [com.cs4256.drinkmorewater.RestaurantTests]: class path resource [com/cs4256/drinkmorewater/RestaurantTests-context.xml] does not exist
23:14:45.996 [main] DEBUG org.springframework.test.context.support.AbstractContextLoader - Did not detect default resource location for test class [com.cs4256.drinkmorewater.RestaurantTests]: class path resource [com/cs4256/drinkmorewater/RestaurantTestsContext.groovy] does not exist
23:14:45.996 [main] INFO org.springframework.test.context.support.AbstractContextLoader - Could not detect default resource locations for test class [com.cs4256.drinkmorewater.RestaurantTests]: no resource found for suffixes {-context.xml, Context.groovy}.
23:14:45.996 [main] INFO org.springframework.test.context.support.AnnotationConfigContextLoaderUtils - Could not detect default configuration classes for test class [com.cs4256.drinkmorewater.RestaurantTests]: RestaurantTests does not declare any static, non-private, non-final, nested classes annotated with @Configuration.
23:14:45.999 [main] DEBUG org.springframework.test.context.support.ActiveProfilesUtils - Could not find an 'annotation declaring class' for annotation type [org.springframework.test.context.ActiveProfiles] and class [com.cs4256.drinkmorewater.RestaurantTests]
23:14:45.999 [main] INFO org.springframework.boot.test.context.SpringBootTestContextBootstrapper - Found @SpringBootConfiguration com.cs4256.drinkmorewater.DrinkMoreWaterApplication for test class com.cs4256.drinkmorewater.RestaurantTests
23:14:46.001 [main] DEBUG org.springframework.boot.test.context.SpringBootTestContextBootstrapper - @TestExecutionListeners is not present for class [com.cs4256.drinkmorewater.RestaurantTests]: using defaults.
23:14:46.001 [main] INFO org.springframework.boot.test.context.SpringBootTestContextBootstrapper - Loaded default TestExecutionListener class names from location [META-INF/spring.factories]: [org.springframework.boot.test.mock.mockito.MockitoTestExecutionListener, org.springframework.boot.test.mock.mockito.ResetMocksTestExecutionListener, org.springframework.boot.test.autoconfigure.restdocs.RestDocsTestExecutionListener, org.springframework.boot.test.autoconfigure.web.client.MockRestServiceServerResetTestExecutionListener, org.springframework.boot.test.autoconfigure.web.servlet.MockMvcPrintOnlyOnFailureTestExecutionListener, org.springframework.boot.test.autoconfigure.web.servlet.WebDriverTestExecutionListener, org.springframework.boot.test.autoconfigure.webservices.client.MockWebServiceServerTestExecutionListener, org.springframework.test.context.web.ServletTestExecutionListener, org.springframework.test.context.support.DirtiesContextBeforeModesTestExecutionListener, org.springframework.test.context.event.ApplicationEventsTestExecutionListener, org.springframework.test.context.support.DependencyInjectionTestExecutionListener, org.springframework.test.context.support.DirtiesContextTestExecutionListener, org.springframework.test.context.transaction.TransactionalTestExecutionListener, org.springframework.test.context.jdbc.SqlScriptsTestExecutionListener, org.springframework.test.context.event.EventPublishingTestExecutionListener]
23:14:46.002 [main] INFO org.springframework.boot.test.context.SpringBootTestContextBootstrapper - Using TestExecutionListeners: [org.springframework.test.context.web.ServletTestExecutionListener@24bdb479, org.springframework.test.context.support.DirtiesContextBeforeModesTestExecutionListener@7e3f95fe, org.springframework.test.context.event.ApplicationEventsTestExecutionListener@34625ccd, org.springframework.boot.test.mock.mockito.MockitoTestExecutionListener@2c7d121c, org.springframework.boot.test.autoconfigure.SpringBootDependencyInjectionTestExecutionListener@65aa6596, org.springframework.test.context.support.DirtiesContextTestExecutionListener@67389cb8, org.springframework.test.context.transaction.TransactionalTestExecutionListener@419a20a6, org.springframework.test.context.jdbc.SqlScriptsTestExecutionListener@533377b, org.springframework.test.context.event.EventPublishingTestExecutionListener@3383649e, org.springframework.boot.test.mock.mockito.ResetMocksTestExecutionListener@10fde30a, org.springframework.boot.test.autoconfigure.restdocs.RestDocsTestExecutionListener@f27ea3, org.springframework.boot.test.autoconfigure.web.client.MockRestServiceServerResetTestExecutionListener@1ce61929, org.springframework.boot.test.autoconfigure.web.servlet.MockMvcPrintOnlyOnFailureTestExecutionListener@346939bf, org.springframework.boot.test.autoconfigure.web.servlet.WebDriverTestExecutionListener@4bf3798b, org.springframework.boot.test.autoconfigure.webservices.client.MockWebServiceServerTestExecutionListener@58670130]
23:14:46.002 [main] DEBUG org.springframework.test.annotation.ProfileValueUtils - Retrieved @ProfileValueSourceConfiguration [null] for test class [com.cs4256.drinkmorewater.RestaurantTests]
23:14:46.002 [main] DEBUG org.springframework.test.annotation.ProfileValueUtils - Retrieved ProfileValueSource type [class org.springframework.test.annotation.SystemProfileValueSource] for class [com.cs4256.drinkmorewater.RestaurantTests]
23:14:46.003 [main] DEBUG org.springframework.test.annotation.ProfileValueUtils - Retrieved @ProfileValueSourceConfiguration [null] for test class [com.cs4256.drinkmorewater.RestaurantTests]
23:14:46.003 [main] DEBUG org.springframework.test.annotation.ProfileValueUtils - Retrieved ProfileValueSource type [class org.springframework.test.annotation.SystemProfileValueSource] for class [com.cs4256.drinkmorewater.RestaurantTests]
23:14:46.003 [main] DEBUG org.springframework.test.annotation.ProfileValueUtils - Retrieved @ProfileValueSourceConfiguration [null] for test class [com.cs4256.drinkmorewater.RestaurantTests]
23:14:46.003 [main] DEBUG org.springframework.test.annotation.ProfileValueUtils - Retrieved ProfileValueSource type [class org.springframework.test.annotation.SystemProfileValueSource] for class [com.cs4256.drinkmorewater.RestaurantTests]
23:14:46.009 [main] DEBUG org.springframework.test.context.junit4.SpringJUnit4ClassRunner - SpringJUnit4ClassRunner constructor called with [class com.cs4256.drinkmorewater.RevenueTests]
23:14:46.009 [main] DEBUG org.springframework.test.context.BootstrapUtils - Instantiating CacheAwareContextLoaderDelegate from class [org.springframework.test.context.cache.DefaultCacheAwareContextLoaderDelegate]
23:14:46.009 [main] DEBUG org.springframework.test.context.BootstrapUtils - Instantiating BootstrapContext using constructor [public org.springframework.test.context.support.DefaultBootstrapContext(java.lang.Class,org.springframework.test.context.CacheAwareContextLoaderDelegate)]
23:14:46.010 [main] DEBUG org.springframework.test.context.BootstrapUtils - Instantiating TestContextBootstrapper for test class [com.cs4256.drinkmorewater.RevenueTests] from class [org.springframework.boot.test.context.SpringBootTestContextBootstrapper]
23:14:46.010 [main] INFO org.springframework.boot.test.context.SpringBootTestContextBootstrapper - Neither @ContextConfiguration nor @ContextHierarchy found for test class [com.cs4256.drinkmorewater.RevenueTests], using SpringBootContextLoader
23:14:46.011 [main] DEBUG org.springframework.test.context.support.AbstractContextLoader - Did not detect default resource location for test class [com.cs4256.drinkmorewater.RevenueTests]: class path resource [com/cs4256/drinkmorewater/RevenueTests-context.xml] does not exist
23:14:46.011 [main] DEBUG org.springframework.test.context.support.AbstractContextLoader - Did not detect default resource location for test class [com.cs4256.drinkmorewater.RevenueTests]: class path resource [com/cs4256/drinkmorewater/RevenueTestsContext.groovy] does not exist
23:14:46.011 [main] INFO org.springframework.test.context.support.AbstractContextLoader - Could not detect default resource locations for test class [com.cs4256.drinkmorewater.RevenueTests]: no resource found for suffixes {-context.xml, Context.groovy}.
23:14:46.011 [main] INFO org.springframework.test.context.support.AnnotationConfigContextLoaderUtils - Could not detect default configuration classes for test class [com.cs4256.drinkmorewater.RevenueTests]: RevenueTests does not declare any static, non-private, non-final, nested classes annotated with @Configuration.
23:14:46.014 [main] DEBUG org.springframework.test.context.support.ActiveProfilesUtils - Could not find an 'annotation declaring class' for annotation type [org.springframework.test.context.ActiveProfiles] and class [com.cs4256.drinkmorewater.RevenueTests]
23:14:46.014 [main] INFO org.springframework.boot.test.context.SpringBootTestContextBootstrapper - Found @SpringBootConfiguration com.cs4256.drinkmorewater.DrinkMoreWaterApplication for test class com.cs4256.drinkmorewater.RevenueTests
23:14:46.016 [main] DEBUG org.springframework.boot.test.context.SpringBootTestContextBootstrapper - @TestExecutionListeners is not present for class [com.cs4256.drinkmorewater.RevenueTests]: using defaults.
23:14:46.016 [main] INFO org.springframework.boot.test.context.SpringBootTestContextBootstrapper - Loaded default TestExecutionListener class names from location [META-INF/spring.factories]: [org.springframework.boot.test.mock.mockito.MockitoTestExecutionListener, org.springframework.boot.test.mock.mockito.ResetMocksTestExecutionListener, org.springframework.boot.test.autoconfigure.restdocs.RestDocsTestExecutionListener, org.springframework.boot.test.autoconfigure.web.client.MockRestServiceServerResetTestExecutionListener, org.springframework.boot.test.autoconfigure.web.servlet.MockMvcPrintOnlyOnFailureTestExecutionListener, org.springframework.boot.test.autoconfigure.web.servlet.WebDriverTestExecutionListener, org.springframework.boot.test.autoconfigure.webservices.client.MockWebServiceServerTestExecutionListener, org.springframework.test.context.web.ServletTestExecutionListener, org.springframework.test.context.support.DirtiesContextBeforeModesTestExecutionListener, org.springframework.test.context.event.ApplicationEventsTestExecutionListener, org.springframework.test.context.support.DependencyInjectionTestExecutionListener, org.springframework.test.context.support.DirtiesContextTestExecutionListener, org.springframework.test.context.transaction.TransactionalTestExecutionListener, org.springframework.test.context.jdbc.SqlScriptsTestExecutionListener, org.springframework.test.context.event.EventPublishingTestExecutionListener]
23:14:46.016 [main] INFO org.springframework.boot.test.context.SpringBootTestContextBootstrapper - Using TestExecutionListeners: [org.springframework.test.context.web.ServletTestExecutionListener@3f28bd56, org.springframework.test.context.support.DirtiesContextBeforeModesTestExecutionListener@31e3250d, org.springframework.test.context.event.ApplicationEventsTestExecutionListener@19fe4644, org.springframework.boot.test.mock.mockito.MockitoTestExecutionListener@21d8bcbe, org.springframework.boot.test.autoconfigure.SpringBootDependencyInjectionTestExecutionListener@5be067de, org.springframework.test.context.support.DirtiesContextTestExecutionListener@7383eae2, org.springframework.test.context.transaction.TransactionalTestExecutionListener@18245eb0, org.springframework.test.context.jdbc.SqlScriptsTestExecutionListener@7c7d3c46, org.springframework.test.context.event.EventPublishingTestExecutionListener@24fb6a80, org.springframework.boot.test.mock.mockito.ResetMocksTestExecutionListener@48c35007, org.springframework.boot.test.autoconfigure.restdocs.RestDocsTestExecutionListener@72a85671, org.springframework.boot.test.autoconfigure.web.client.MockRestServiceServerResetTestExecutionListener@6722db6e, org.springframework.boot.test.autoconfigure.web.servlet.MockMvcPrintOnlyOnFailureTestExecutionListener@18f20260, org.springframework.boot.test.autoconfigure.web.servlet.WebDriverTestExecutionListener@4ae33a11, org.springframework.boot.test.autoconfigure.webservices.client.MockWebServiceServerTestExecutionListener@7a48e6e2]
23:14:46.016 [main] DEBUG org.springframework.test.annotation.ProfileValueUtils - Retrieved @ProfileValueSourceConfiguration [null] for test class [com.cs4256.drinkmorewater.RevenueTests]
23:14:46.016 [main] DEBUG org.springframework.test.annotation.ProfileValueUtils - Retrieved ProfileValueSource type [class org.springframework.test.annotation.SystemProfileValueSource] for class [com.cs4256.drinkmorewater.RevenueTests]
23:14:46.016 [main] DEBUG org.springframework.test.annotation.ProfileValueUtils - Retrieved @ProfileValueSourceConfiguration [null] for test class [com.cs4256.drinkmorewater.RevenueTests]
23:14:46.017 [main] DEBUG org.springframework.test.annotation.ProfileValueUtils - Retrieved ProfileValueSource type [class org.springframework.test.annotation.SystemProfileValueSource] for class [com.cs4256.drinkmorewater.RevenueTests]
23:14:46.017 [main] DEBUG org.springframework.test.annotation.ProfileValueUtils - Retrieved @ProfileValueSourceConfiguration [null] for test class [com.cs4256.drinkmorewater.RevenueTests]
23:14:46.017 [main] DEBUG org.springframework.test.annotation.ProfileValueUtils - Retrieved ProfileValueSource type [class org.springframework.test.annotation.SystemProfileValueSource] for class [com.cs4256.drinkmorewater.RevenueTests]
23:14:46.021 [main] DEBUG org.springframework.test.context.junit4.SpringJUnit4ClassRunner - SpringJUnit4ClassRunner constructor called with [class com.cs4256.drinkmorewater.ReviewTests]
23:14:46.021 [main] DEBUG org.springframework.test.context.BootstrapUtils - Instantiating CacheAwareContextLoaderDelegate from class [org.springframework.test.context.cache.DefaultCacheAwareContextLoaderDelegate]
23:14:46.021 [main] DEBUG org.springframework.test.context.BootstrapUtils - Instantiating BootstrapContext using constructor [public org.springframework.test.context.support.DefaultBootstrapContext(java.lang.Class,org.springframework.test.context.CacheAwareContextLoaderDelegate)]
23:14:46.021 [main] DEBUG org.springframework.test.context.BootstrapUtils - Instantiating TestContextBootstrapper for test class [com.cs4256.drinkmorewater.ReviewTests] from class [org.springframework.boot.test.context.SpringBootTestContextBootstrapper]
23:14:46.022 [main] INFO org.springframework.boot.test.context.SpringBootTestContextBootstrapper - Neither @ContextConfiguration nor @ContextHierarchy found for test class [com.cs4256.drinkmorewater.ReviewTests], using SpringBootContextLoader
23:14:46.022 [main] DEBUG org.springframework.test.context.support.AbstractContextLoader - Did not detect default resource location for test class [com.cs4256.drinkmorewater.ReviewTests]: class path resource [com/cs4256/drinkmorewater/ReviewTests-context.xml] does not exist
23:14:46.023 [main] DEBUG org.springframework.test.context.support.AbstractContextLoader - Did not detect default resource location for test class [com.cs4256.drinkmorewater.ReviewTests]: class path resource [com/cs4256/drinkmorewater/ReviewTestsContext.groovy] does not exist
23:14:46.023 [main] INFO org.springframework.test.context.support.AbstractContextLoader - Could not detect default resource locations for test class [com.cs4256.drinkmorewater.ReviewTests]: no resource found for suffixes {-context.xml, Context.groovy}.
23:14:46.023 [main] INFO org.springframework.test.context.support.AnnotationConfigContextLoaderUtils - Could not detect default configuration classes for test class [com.cs4256.drinkmorewater.ReviewTests]: ReviewTests does not declare any static, non-private, non-final, nested classes annotated with @Configuration.
23:14:46.024 [main] DEBUG org.springframework.test.context.support.ActiveProfilesUtils - Could not find an 'annotation declaring class' for annotation type [org.springframework.test.context.ActiveProfiles] and class [com.cs4256.drinkmorewater.ReviewTests]
23:14:46.025 [main] INFO org.springframework.boot.test.context.SpringBootTestContextBootstrapper - Found @SpringBootConfiguration com.cs4256.drinkmorewater.DrinkMoreWaterApplication for test class com.cs4256.drinkmorewater.ReviewTests
23:14:46.027 [main] DEBUG org.springframework.boot.test.context.SpringBootTestContextBootstrapper - @TestExecutionListeners is not present for class [com.cs4256.drinkmorewater.ReviewTests]: using defaults.
23:14:46.027 [main] INFO org.springframework.boot.test.context.SpringBootTestContextBootstrapper - Loaded default TestExecutionListener class names from location [META-INF/spring.factories]: [org.springframework.boot.test.mock.mockito.MockitoTestExecutionListener, org.springframework.boot.test.mock.mockito.ResetMocksTestExecutionListener, org.springframework.boot.test.autoconfigure.restdocs.RestDocsTestExecutionListener, org.springframework.boot.test.autoconfigure.web.client.MockRestServiceServerResetTestExecutionListener, org.springframework.boot.test.autoconfigure.web.servlet.MockMvcPrintOnlyOnFailureTestExecutionListener, org.springframework.boot.test.autoconfigure.web.servlet.WebDriverTestExecutionListener, org.springframework.boot.test.autoconfigure.webservices.client.MockWebServiceServerTestExecutionListener, org.springframework.test.context.web.ServletTestExecutionListener, org.springframework.test.context.support.DirtiesContextBeforeModesTestExecutionListener, org.springframework.test.context.event.ApplicationEventsTestExecutionListener, org.springframework.test.context.support.DependencyInjectionTestExecutionListener, org.springframework.test.context.support.DirtiesContextTestExecutionListener, org.springframework.test.context.transaction.TransactionalTestExecutionListener, org.springframework.test.context.jdbc.SqlScriptsTestExecutionListener, org.springframework.test.context.event.EventPublishingTestExecutionListener]
23:14:46.027 [main] INFO org.springframework.boot.test.context.SpringBootTestContextBootstrapper - Using TestExecutionListeners: [org.springframework.test.context.web.ServletTestExecutionListener@34a75079, org.springframework.test.context.support.DirtiesContextBeforeModesTestExecutionListener@346a361, org.springframework.test.context.event.ApplicationEventsTestExecutionListener@107ed6fc, org.springframework.boot.test.mock.mockito.MockitoTestExecutionListener@1643d68f, org.springframework.boot.test.autoconfigure.SpringBootDependencyInjectionTestExecutionListener@186978a6, org.springframework.test.context.support.DirtiesContextTestExecutionListener@2e029d61, org.springframework.test.context.transaction.TransactionalTestExecutionListener@482d776b, org.springframework.test.context.jdbc.SqlScriptsTestExecutionListener@4052274f, org.springframework.test.context.event.EventPublishingTestExecutionListener@132ddbab, org.springframework.boot.test.mock.mockito.ResetMocksTestExecutionListener@297ea53a, org.springframework.boot.test.autoconfigure.restdocs.RestDocsTestExecutionListener@acb0951, org.springframework.boot.test.autoconfigure.web.client.MockRestServiceServerResetTestExecutionListener@5bf22f18, org.springframework.boot.test.autoconfigure.web.servlet.MockMvcPrintOnlyOnFailureTestExecutionListener@267f474e, org.springframework.boot.test.autoconfigure.web.servlet.WebDriverTestExecutionListener@7a7471ce, org.springframework.boot.test.autoconfigure.webservices.client.MockWebServiceServerTestExecutionListener@28276e50]
23:14:46.027 [main] DEBUG org.springframework.test.annotation.ProfileValueUtils - Retrieved @ProfileValueSourceConfiguration [null] for test class [com.cs4256.drinkmorewater.ReviewTests]
23:14:46.027 [main] DEBUG org.springframework.test.annotation.ProfileValueUtils - Retrieved ProfileValueSource type [class org.springframework.test.annotation.SystemProfileValueSource] for class [com.cs4256.drinkmorewater.ReviewTests]
23:14:46.027 [main] DEBUG org.springframework.test.annotation.ProfileValueUtils - Retrieved @ProfileValueSourceConfiguration [null] for test class [com.cs4256.drinkmorewater.ReviewTests]
23:14:46.027 [main] DEBUG org.springframework.test.annotation.ProfileValueUtils - Retrieved ProfileValueSource type [class org.springframework.test.annotation.SystemProfileValueSource] for class [com.cs4256.drinkmorewater.ReviewTests]
23:14:46.028 [main] DEBUG org.springframework.test.annotation.ProfileValueUtils - Retrieved @ProfileValueSourceConfiguration [null] for test class [com.cs4256.drinkmorewater.ReviewTests]
23:14:46.028 [main] DEBUG org.springframework.test.annotation.ProfileValueUtils - Retrieved ProfileValueSource type [class org.springframework.test.annotation.SystemProfileValueSource] for class [com.cs4256.drinkmorewater.ReviewTests]
23:14:46.033 [main] DEBUG org.springframework.test.context.junit4.SpringJUnit4ClassRunner - SpringJUnit4ClassRunner constructor called with [class com.cs4256.drinkmorewater.UserTests]
23:14:46.033 [main] DEBUG org.springframework.test.context.BootstrapUtils - Instantiating CacheAwareContextLoaderDelegate from class [org.springframework.test.context.cache.DefaultCacheAwareContextLoaderDelegate]
23:14:46.033 [main] DEBUG org.springframework.test.context.BootstrapUtils - Instantiating BootstrapContext using constructor [public org.springframework.test.context.support.DefaultBootstrapContext(java.lang.Class,org.springframework.test.context.CacheAwareContextLoaderDelegate)]
23:14:46.034 [main] DEBUG org.springframework.test.context.BootstrapUtils - Instantiating TestContextBootstrapper for test class [com.cs4256.drinkmorewater.UserTests] from class [org.springframework.boot.test.context.SpringBootTestContextBootstrapper]
23:14:46.034 [main] INFO org.springframework.boot.test.context.SpringBootTestContextBootstrapper - Neither @ContextConfiguration nor @ContextHierarchy found for test class [com.cs4256.drinkmorewater.UserTests], using SpringBootContextLoader
23:14:46.035 [main] DEBUG org.springframework.test.context.support.AbstractContextLoader - Did not detect default resource location for test class [com.cs4256.drinkmorewater.UserTests]: class path resource [com/cs4256/drinkmorewater/UserTests-context.xml] does not exist
23:14:46.036 [main] DEBUG org.springframework.test.context.support.AbstractContextLoader - Did not detect default resource location for test class [com.cs4256.drinkmorewater.UserTests]: class path resource [com/cs4256/drinkmorewater/UserTestsContext.groovy] does not exist
23:14:46.036 [main] INFO org.springframework.test.context.support.AbstractContextLoader - Could not detect default resource locations for test class [com.cs4256.drinkmorewater.UserTests]: no resource found for suffixes {-context.xml, Context.groovy}.
23:14:46.036 [main] INFO org.springframework.test.context.support.AnnotationConfigContextLoaderUtils - Could not detect default configuration classes for test class [com.cs4256.drinkmorewater.UserTests]: UserTests does not declare any static, non-private, non-final, nested classes annotated with @Configuration.
23:14:46.038 [main] DEBUG org.springframework.test.context.support.ActiveProfilesUtils - Could not find an 'annotation declaring class' for annotation type [org.springframework.test.context.ActiveProfiles] and class [com.cs4256.drinkmorewater.UserTests]
23:14:46.039 [main] INFO org.springframework.boot.test.context.SpringBootTestContextBootstrapper - Found @SpringBootConfiguration com.cs4256.drinkmorewater.DrinkMoreWaterApplication for test class com.cs4256.drinkmorewater.UserTests
23:14:46.040 [main] DEBUG org.springframework.boot.test.context.SpringBootTestContextBootstrapper - @TestExecutionListeners is not present for class [com.cs4256.drinkmorewater.UserTests]: using defaults.
23:14:46.040 [main] INFO org.springframework.boot.test.context.SpringBootTestContextBootstrapper - Loaded default TestExecutionListener class names from location [META-INF/spring.factories]: [org.springframework.boot.test.mock.mockito.MockitoTestExecutionListener, org.springframework.boot.test.mock.mockito.ResetMocksTestExecutionListener, org.springframework.boot.test.autoconfigure.restdocs.RestDocsTestExecutionListener, org.springframework.boot.test.autoconfigure.web.client.MockRestServiceServerResetTestExecutionListener, org.springframework.boot.test.autoconfigure.web.servlet.MockMvcPrintOnlyOnFailureTestExecutionListener, org.springframework.boot.test.autoconfigure.web.servlet.WebDriverTestExecutionListener, org.springframework.boot.test.autoconfigure.webservices.client.MockWebServiceServerTestExecutionListener, org.springframework.test.context.web.ServletTestExecutionListener, org.springframework.test.context.support.DirtiesContextBeforeModesTestExecutionListener, org.springframework.test.context.event.ApplicationEventsTestExecutionListener, org.springframework.test.context.support.DependencyInjectionTestExecutionListener, org.springframework.test.context.support.DirtiesContextTestExecutionListener, org.springframework.test.context.transaction.TransactionalTestExecutionListener, org.springframework.test.context.jdbc.SqlScriptsTestExecutionListener, org.springframework.test.context.event.EventPublishingTestExecutionListener]
23:14:46.041 [main] INFO org.springframework.boot.test.context.SpringBootTestContextBootstrapper - Using TestExecutionListeners: [org.springframework.test.context.web.ServletTestExecutionListener@24faea88, org.springframework.test.context.support.DirtiesContextBeforeModesTestExecutionListener@3a320ade, org.springframework.test.context.event.ApplicationEventsTestExecutionListener@64beebb7, org.springframework.boot.test.mock.mockito.MockitoTestExecutionListener@7813cb11, org.springframework.boot.test.autoconfigure.SpringBootDependencyInjectionTestExecutionListener@bcec031, org.springframework.test.context.support.DirtiesContextTestExecutionListener@21005f6c, org.springframework.test.context.transaction.TransactionalTestExecutionListener@32f0fba8, org.springframework.test.context.jdbc.SqlScriptsTestExecutionListener@545de5a4, org.springframework.test.context.event.EventPublishingTestExecutionListener@29ef6856, org.springframework.boot.test.mock.mockito.ResetMocksTestExecutionListener@ab7a938, org.springframework.boot.test.autoconfigure.restdocs.RestDocsTestExecutionListener@3faf2e7d, org.springframework.boot.test.autoconfigure.web.client.MockRestServiceServerResetTestExecutionListener@4648ce9, org.springframework.boot.test.autoconfigure.web.servlet.MockMvcPrintOnlyOnFailureTestExecutionListener@569bf9eb, org.springframework.boot.test.autoconfigure.web.servlet.WebDriverTestExecutionListener@61526469, org.springframework.boot.test.autoconfigure.webservices.client.MockWebServiceServerTestExecutionListener@274872f8]
23:14:46.041 [main] DEBUG org.springframework.test.annotation.ProfileValueUtils - Retrieved @ProfileValueSourceConfiguration [null] for test class [com.cs4256.drinkmorewater.UserTests]
23:14:46.041 [main] DEBUG org.springframework.test.annotation.ProfileValueUtils - Retrieved ProfileValueSource type [class org.springframework.test.annotation.SystemProfileValueSource] for class [com.cs4256.drinkmorewater.UserTests]
23:14:46.041 [main] DEBUG org.springframework.test.annotation.ProfileValueUtils - Retrieved @ProfileValueSourceConfiguration [null] for test class [com.cs4256.drinkmorewater.UserTests]
23:14:46.041 [main] DEBUG org.springframework.test.annotation.ProfileValueUtils - Retrieved ProfileValueSource type [class org.springframework.test.annotation.SystemProfileValueSource] for class [com.cs4256.drinkmorewater.UserTests]
23:14:46.041 [main] DEBUG org.springframework.test.annotation.ProfileValueUtils - Retrieved @ProfileValueSourceConfiguration [null] for test class [com.cs4256.drinkmorewater.UserTests]
23:14:46.041 [main] DEBUG org.springframework.test.annotation.ProfileValueUtils - Retrieved ProfileValueSource type [class org.springframework.test.annotation.SystemProfileValueSource] for class [com.cs4256.drinkmorewater.UserTests]
23:14:46.044 [main] DEBUG org.springframework.test.context.junit4.SpringJUnit4ClassRunner - SpringJUnit4ClassRunner constructor called with [class com.cs4256.drinkmorewater.BookmarkTests]
23:14:46.045 [main] DEBUG org.springframework.test.context.BootstrapUtils - Instantiating CacheAwareContextLoaderDelegate from class [org.springframework.test.context.cache.DefaultCacheAwareContextLoaderDelegate]
23:14:46.045 [main] DEBUG org.springframework.test.context.BootstrapUtils - Instantiating BootstrapContext using constructor [public org.springframework.test.context.support.DefaultBootstrapContext(java.lang.Class,org.springframework.test.context.CacheAwareContextLoaderDelegate)]
23:14:46.045 [main] DEBUG org.springframework.test.context.BootstrapUtils - Instantiating TestContextBootstrapper for test class [com.cs4256.drinkmorewater.BookmarkTests] from class [org.springframework.boot.test.context.SpringBootTestContextBootstrapper]
23:14:46.045 [main] INFO org.springframework.boot.test.context.SpringBootTestContextBootstrapper - Neither @ContextConfiguration nor @ContextHierarchy found for test class [com.cs4256.drinkmorewater.BookmarkTests], using SpringBootContextLoader
23:14:46.045 [main] DEBUG org.springframework.test.context.support.AbstractContextLoader - Did not detect default resource location for test class [com.cs4256.drinkmorewater.BookmarkTests]: class path resource [com/cs4256/drinkmorewater/BookmarkTests-context.xml] does not exist
23:14:46.046 [main] DEBUG org.springframework.test.context.support.AbstractContextLoader - Did not detect default resource location for test class [com.cs4256.drinkmorewater.BookmarkTests]: class path resource [com/cs4256/drinkmorewater/BookmarkTestsContext.groovy] does not exist
23:14:46.046 [main] INFO org.springframework.test.context.support.AbstractContextLoader - Could not detect default resource locations for test class [com.cs4256.drinkmorewater.BookmarkTests]: no resource found for suffixes {-context.xml, Context.groovy}.
23:14:46.046 [main] INFO org.springframework.test.context.support.AnnotationConfigContextLoaderUtils - Could not detect default configuration classes for test class [com.cs4256.drinkmorewater.BookmarkTests]: BookmarkTests does not declare any static, non-private, non-final, nested classes annotated with @Configuration.
23:14:46.047 [main] DEBUG org.springframework.test.context.support.ActiveProfilesUtils - Could not find an 'annotation declaring class' for annotation type [org.springframework.test.context.ActiveProfiles] and class [com.cs4256.drinkmorewater.BookmarkTests]
23:14:46.047 [main] INFO org.springframework.boot.test.context.SpringBootTestContextBootstrapper - Found @SpringBootConfiguration com.cs4256.drinkmorewater.DrinkMoreWaterApplication for test class com.cs4256.drinkmorewater.BookmarkTests
23:14:46.049 [main] DEBUG org.springframework.boot.test.context.SpringBootTestContextBootstrapper - @TestExecutionListeners is not present for class [com.cs4256.drinkmorewater.BookmarkTests]: using defaults.
23:14:46.049 [main] INFO org.springframework.boot.test.context.SpringBootTestContextBootstrapper - Loaded default TestExecutionListener class names from location [META-INF/spring.factories]: [org.springframework.boot.test.mock.mockito.MockitoTestExecutionListener, org.springframework.boot.test.mock.mockito.ResetMocksTestExecutionListener, org.springframework.boot.test.autoconfigure.restdocs.RestDocsTestExecutionListener, org.springframework.boot.test.autoconfigure.web.client.MockRestServiceServerResetTestExecutionListener, org.springframework.boot.test.autoconfigure.web.servlet.MockMvcPrintOnlyOnFailureTestExecutionListener, org.springframework.boot.test.autoconfigure.web.servlet.WebDriverTestExecutionListener, org.springframework.boot.test.autoconfigure.webservices.client.MockWebServiceServerTestExecutionListener, org.springframework.test.context.web.ServletTestExecutionListener, org.springframework.test.context.support.DirtiesContextBeforeModesTestExecutionListener, org.springframework.test.context.event.ApplicationEventsTestExecutionListener, org.springframework.test.context.support.DependencyInjectionTestExecutionListener, org.springframework.test.context.support.DirtiesContextTestExecutionListener, org.springframework.test.context.transaction.TransactionalTestExecutionListener, org.springframework.test.context.jdbc.SqlScriptsTestExecutionListener, org.springframework.test.context.event.EventPublishingTestExecutionListener]
23:14:46.049 [main] INFO org.springframework.boot.test.context.SpringBootTestContextBootstrapper - Using TestExecutionListeners: [org.springframework.test.context.web.ServletTestExecutionListener@4ebea12c, org.springframework.test.context.support.DirtiesContextBeforeModesTestExecutionListener@2a1edad4, org.springframework.test.context.event.ApplicationEventsTestExecutionListener@6256ac4f, org.springframework.boot.test.mock.mockito.MockitoTestExecutionListener@44c79f32, org.springframework.boot.test.autoconfigure.SpringBootDependencyInjectionTestExecutionListener@7fcbe147, org.springframework.test.context.support.DirtiesContextTestExecutionListener@235f4c10, org.springframework.test.context.transaction.TransactionalTestExecutionListener@743cb8e0, org.springframework.test.context.jdbc.SqlScriptsTestExecutionListener@c7a975a, org.springframework.test.context.event.EventPublishingTestExecutionListener@2c1b9e4b, org.springframework.boot.test.mock.mockito.ResetMocksTestExecutionListener@757d6814, org.springframework.boot.test.autoconfigure.restdocs.RestDocsTestExecutionListener@649725e3, org.springframework.boot.test.autoconfigure.web.client.MockRestServiceServerResetTestExecutionListener@3c0fae6c, org.springframework.boot.test.autoconfigure.web.servlet.MockMvcPrintOnlyOnFailureTestExecutionListener@4c168660, org.springframework.boot.test.autoconfigure.web.servlet.WebDriverTestExecutionListener@52b56a3e, org.springframework.boot.test.autoconfigure.webservices.client.MockWebServiceServerTestExecutionListener@fd0e5b6]
23:14:46.049 [main] DEBUG org.springframework.test.annotation.ProfileValueUtils - Retrieved @ProfileValueSourceConfiguration [null] for test class [com.cs4256.drinkmorewater.BookmarkTests]
23:14:46.049 [main] DEBUG org.springframework.test.annotation.ProfileValueUtils - Retrieved ProfileValueSource type [class org.springframework.test.annotation.SystemProfileValueSource] for class [com.cs4256.drinkmorewater.BookmarkTests]
23:14:46.049 [main] DEBUG org.springframework.test.annotation.ProfileValueUtils - Retrieved @ProfileValueSourceConfiguration [null] for test class [com.cs4256.drinkmorewater.BookmarkTests]
23:14:46.049 [main] DEBUG org.springframework.test.annotation.ProfileValueUtils - Retrieved ProfileValueSource type [class org.springframework.test.annotation.SystemProfileValueSource] for class [com.cs4256.drinkmorewater.BookmarkTests]
23:14:46.049 [main] DEBUG org.springframework.test.annotation.ProfileValueUtils - Retrieved @ProfileValueSourceConfiguration [null] for test class [com.cs4256.drinkmorewater.BookmarkTests]
23:14:46.049 [main] DEBUG org.springframework.test.annotation.ProfileValueUtils - Retrieved ProfileValueSource type [class org.springframework.test.annotation.SystemProfileValueSource] for class [com.cs4256.drinkmorewater.BookmarkTests]
23:14:46.050 [main] DEBUG org.springframework.test.context.junit4.SpringJUnit4ClassRunner - SpringJUnit4ClassRunner constructor called with [class com.cs4256.drinkmorewater.DishTests]
23:14:46.050 [main] DEBUG org.springframework.test.context.BootstrapUtils - Instantiating CacheAwareContextLoaderDelegate from class [org.springframework.test.context.cache.DefaultCacheAwareContextLoaderDelegate]
23:14:46.050 [main] DEBUG org.springframework.test.context.BootstrapUtils - Instantiating BootstrapContext using constructor [public org.springframework.test.context.support.DefaultBootstrapContext(java.lang.Class,org.springframework.test.context.CacheAwareContextLoaderDelegate)]
23:14:46.051 [main] DEBUG org.springframework.test.context.BootstrapUtils - Instantiating TestContextBootstrapper for test class [com.cs4256.drinkmorewater.DishTests] from class [org.springframework.boot.test.context.SpringBootTestContextBootstrapper]
23:14:46.051 [main] INFO org.springframework.boot.test.context.SpringBootTestContextBootstrapper - Neither @ContextConfiguration nor @ContextHierarchy found for test class [com.cs4256.drinkmorewater.DishTests], using SpringBootContextLoader
23:14:46.052 [main] DEBUG org.springframework.test.context.support.AbstractContextLoader - Did not detect default resource location for test class [com.cs4256.drinkmorewater.DishTests]: class path resource [com/cs4256/drinkmorewater/DishTests-context.xml] does not exist
23:14:46.052 [main] DEBUG org.springframework.test.context.support.AbstractContextLoader - Did not detect default resource location for test class [com.cs4256.drinkmorewater.DishTests]: class path resource [com/cs4256/drinkmorewater/DishTestsContext.groovy] does not exist
23:14:46.052 [main] INFO org.springframework.test.context.support.AbstractContextLoader - Could not detect default resource locations for test class [com.cs4256.drinkmorewater.DishTests]: no resource found for suffixes {-context.xml, Context.groovy}.
23:14:46.052 [main] INFO org.springframework.test.context.support.AnnotationConfigContextLoaderUtils - Could not detect default configuration classes for test class [com.cs4256.drinkmorewater.DishTests]: DishTests does not declare any static, non-private, non-final, nested classes annotated with @Configuration.
23:14:46.053 [main] DEBUG org.springframework.test.context.support.ActiveProfilesUtils - Could not find an 'annotation declaring class' for annotation type [org.springframework.test.context.ActiveProfiles] and class [com.cs4256.drinkmorewater.DishTests]
23:14:46.054 [main] INFO org.springframework.boot.test.context.SpringBootTestContextBootstrapper - Found @SpringBootConfiguration com.cs4256.drinkmorewater.DrinkMoreWaterApplication for test class com.cs4256.drinkmorewater.DishTests
23:14:46.055 [main] DEBUG org.springframework.boot.test.context.SpringBootTestContextBootstrapper - @TestExecutionListeners is not present for class [com.cs4256.drinkmorewater.DishTests]: using defaults.
23:14:46.055 [main] INFO org.springframework.boot.test.context.SpringBootTestContextBootstrapper - Loaded default TestExecutionListener class names from location [META-INF/spring.factories]: [org.springframework.boot.test.mock.mockito.MockitoTestExecutionListener, org.springframework.boot.test.mock.mockito.ResetMocksTestExecutionListener, org.springframework.boot.test.autoconfigure.restdocs.RestDocsTestExecutionListener, org.springframework.boot.test.autoconfigure.web.client.MockRestServiceServerResetTestExecutionListener, org.springframework.boot.test.autoconfigure.web.servlet.MockMvcPrintOnlyOnFailureTestExecutionListener, org.springframework.boot.test.autoconfigure.web.servlet.WebDriverTestExecutionListener, org.springframework.boot.test.autoconfigure.webservices.client.MockWebServiceServerTestExecutionListener, org.springframework.test.context.web.ServletTestExecutionListener, org.springframework.test.context.support.DirtiesContextBeforeModesTestExecutionListener, org.springframework.test.context.event.ApplicationEventsTestExecutionListener, org.springframework.test.context.support.DependencyInjectionTestExecutionListener, org.springframework.test.context.support.DirtiesContextTestExecutionListener, org.springframework.test.context.transaction.TransactionalTestExecutionListener, org.springframework.test.context.jdbc.SqlScriptsTestExecutionListener, org.springframework.test.context.event.EventPublishingTestExecutionListener]
23:14:46.056 [main] INFO org.springframework.boot.test.context.SpringBootTestContextBootstrapper - Using TestExecutionListeners: [org.springframework.test.context.web.ServletTestExecutionListener@4fad94a7, org.springframework.test.context.support.DirtiesContextBeforeModesTestExecutionListener@475835b1, org.springframework.test.context.event.ApplicationEventsTestExecutionListener@6326d182, org.springframework.boot.test.mock.mockito.MockitoTestExecutionListener@5241cf67, org.springframework.boot.test.autoconfigure.SpringBootDependencyInjectionTestExecutionListener@716a7124, org.springframework.test.context.support.DirtiesContextTestExecutionListener@77192705, org.springframework.test.context.transaction.TransactionalTestExecutionListener@226642a5, org.springframework.test.context.jdbc.SqlScriptsTestExecutionListener@7e809b79, org.springframework.test.context.event.EventPublishingTestExecutionListener@5cc126dc, org.springframework.boot.test.mock.mockito.ResetMocksTestExecutionListener@625e134e, org.springframework.boot.test.autoconfigure.restdocs.RestDocsTestExecutionListener@72bd06ca, org.springframework.boot.test.autoconfigure.web.client.MockRestServiceServerResetTestExecutionListener@89c10b7, org.springframework.boot.test.autoconfigure.web.servlet.MockMvcPrintOnlyOnFailureTestExecutionListener@5dbe30be, org.springframework.boot.test.autoconfigure.web.servlet.WebDriverTestExecutionListener@4fe89c24, org.springframework.boot.test.autoconfigure.webservices.client.MockWebServiceServerTestExecutionListener@55795845]
23:14:46.056 [main] DEBUG org.springframework.test.annotation.ProfileValueUtils - Retrieved @ProfileValueSourceConfiguration [null] for test class [com.cs4256.drinkmorewater.DishTests]
23:14:46.056 [main] DEBUG org.springframework.test.annotation.ProfileValueUtils - Retrieved ProfileValueSource type [class org.springframework.test.annotation.SystemProfileValueSource] for class [com.cs4256.drinkmorewater.DishTests]
23:14:46.056 [main] DEBUG org.springframework.test.annotation.ProfileValueUtils - Retrieved @ProfileValueSourceConfiguration [null] for test class [com.cs4256.drinkmorewater.DishTests]
23:14:46.056 [main] DEBUG org.springframework.test.annotation.ProfileValueUtils - Retrieved ProfileValueSource type [class org.springframework.test.annotation.SystemProfileValueSource] for class [com.cs4256.drinkmorewater.DishTests]
23:14:46.056 [main] DEBUG org.springframework.test.annotation.ProfileValueUtils - Retrieved @ProfileValueSourceConfiguration [null] for test class [com.cs4256.drinkmorewater.DishTests]
23:14:46.056 [main] DEBUG org.springframework.test.annotation.ProfileValueUtils - Retrieved ProfileValueSource type [class org.springframework.test.annotation.SystemProfileValueSource] for class [com.cs4256.drinkmorewater.DishTests]
23:14:46.056 [main] DEBUG org.springframework.test.context.junit4.SpringJUnit4ClassRunner - SpringJUnit4ClassRunner constructor called with [class com.cs4256.drinkmorewater.OrderDishTests]
23:14:46.056 [main] DEBUG org.springframework.test.context.BootstrapUtils - Instantiating CacheAwareContextLoaderDelegate from class [org.springframework.test.context.cache.DefaultCacheAwareContextLoaderDelegate]
23:14:46.057 [main] DEBUG org.springframework.test.context.BootstrapUtils - Instantiating BootstrapContext using constructor [public org.springframework.test.context.support.DefaultBootstrapContext(java.lang.Class,org.springframework.test.context.CacheAwareContextLoaderDelegate)]
23:14:46.057 [main] DEBUG org.springframework.test.context.BootstrapUtils - Instantiating TestContextBootstrapper for test class [com.cs4256.drinkmorewater.OrderDishTests] from class [org.springframework.boot.test.context.SpringBootTestContextBootstrapper]
23:14:46.057 [main] INFO org.springframework.boot.test.context.SpringBootTestContextBootstrapper - Neither @ContextConfiguration nor @ContextHierarchy found for test class [com.cs4256.drinkmorewater.OrderDishTests], using SpringBootContextLoader
23:14:46.057 [main] DEBUG org.springframework.test.context.support.AbstractContextLoader - Did not detect default resource location for test class [com.cs4256.drinkmorewater.OrderDishTests]: class path resource [com/cs4256/drinkmorewater/OrderDishTests-context.xml] does not exist
23:14:46.058 [main] DEBUG org.springframework.test.context.support.AbstractContextLoader - Did not detect default resource location for test class [com.cs4256.drinkmorewater.OrderDishTests]: class path resource [com/cs4256/drinkmorewater/OrderDishTestsContext.groovy] does not exist
23:14:46.058 [main] INFO org.springframework.test.context.support.AbstractContextLoader - Could not detect default resource locations for test class [com.cs4256.drinkmorewater.OrderDishTests]: no resource found for suffixes {-context.xml, Context.groovy}.
23:14:46.058 [main] INFO org.springframework.test.context.support.AnnotationConfigContextLoaderUtils - Could not detect default configuration classes for test class [com.cs4256.drinkmorewater.OrderDishTests]: OrderDishTests does not declare any static, non-private, non-final, nested classes annotated with @Configuration.
23:14:46.059 [main] DEBUG org.springframework.test.context.support.ActiveProfilesUtils - Could not find an 'annotation declaring class' for annotation type [org.springframework.test.context.ActiveProfiles] and class [com.cs4256.drinkmorewater.OrderDishTests]
23:14:46.059 [main] INFO org.springframework.boot.test.context.SpringBootTestContextBootstrapper - Found @SpringBootConfiguration com.cs4256.drinkmorewater.DrinkMoreWaterApplication for test class com.cs4256.drinkmorewater.OrderDishTests
23:14:46.061 [main] DEBUG org.springframework.boot.test.context.SpringBootTestContextBootstrapper - @TestExecutionListeners is not present for class [com.cs4256.drinkmorewater.OrderDishTests]: using defaults.
23:14:46.061 [main] INFO org.springframework.boot.test.context.SpringBootTestContextBootstrapper - Loaded default TestExecutionListener class names from location [META-INF/spring.factories]: [org.springframework.boot.test.mock.mockito.MockitoTestExecutionListener, org.springframework.boot.test.mock.mockito.ResetMocksTestExecutionListener, org.springframework.boot.test.autoconfigure.restdocs.RestDocsTestExecutionListener, org.springframework.boot.test.autoconfigure.web.client.MockRestServiceServerResetTestExecutionListener, org.springframework.boot.test.autoconfigure.web.servlet.MockMvcPrintOnlyOnFailureTestExecutionListener, org.springframework.boot.test.autoconfigure.web.servlet.WebDriverTestExecutionListener, org.springframework.boot.test.autoconfigure.webservices.client.MockWebServiceServerTestExecutionListener, org.springframework.test.context.web.ServletTestExecutionListener, org.springframework.test.context.support.DirtiesContextBeforeModesTestExecutionListener, org.springframework.test.context.event.ApplicationEventsTestExecutionListener, org.springframework.test.context.support.DependencyInjectionTestExecutionListener, org.springframework.test.context.support.DirtiesContextTestExecutionListener, org.springframework.test.context.transaction.TransactionalTestExecutionListener, org.springframework.test.context.jdbc.SqlScriptsTestExecutionListener, org.springframework.test.context.event.EventPublishingTestExecutionListener]
23:14:46.061 [main] INFO org.springframework.boot.test.context.SpringBootTestContextBootstrapper - Using TestExecutionListeners: [org.springframework.test.context.web.ServletTestExecutionListener@1a1da881, org.springframework.test.context.support.DirtiesContextBeforeModesTestExecutionListener@5b970f7, org.springframework.test.context.event.ApplicationEventsTestExecutionListener@7fd4acee, org.springframework.boot.test.mock.mockito.MockitoTestExecutionListener@165b8a71, org.springframework.boot.test.autoconfigure.SpringBootDependencyInjectionTestExecutionListener@6175619b, org.springframework.test.context.support.DirtiesContextTestExecutionListener@2f058b8a, org.springframework.test.context.transaction.TransactionalTestExecutionListener@756cf158, org.springframework.test.context.jdbc.SqlScriptsTestExecutionListener@3f2ef586, org.springframework.test.context.event.EventPublishingTestExecutionListener@751d3241, org.springframework.boot.test.mock.mockito.ResetMocksTestExecutionListener@76c7beb3, org.springframework.boot.test.autoconfigure.restdocs.RestDocsTestExecutionListener@64337702, org.springframework.boot.test.autoconfigure.web.client.MockRestServiceServerResetTestExecutionListener@2cf92cc7, org.springframework.boot.test.autoconfigure.web.servlet.MockMvcPrintOnlyOnFailureTestExecutionListener@30ea8c23, org.springframework.boot.test.autoconfigure.web.servlet.WebDriverTestExecutionListener@7b139eab, org.springframework.boot.test.autoconfigure.webservices.client.MockWebServiceServerTestExecutionListener@4e76dac]
23:14:46.061 [main] DEBUG org.springframework.test.annotation.ProfileValueUtils - Retrieved @ProfileValueSourceConfiguration [null] for test class [com.cs4256.drinkmorewater.OrderDishTests]
[...]
23:14:46.096 [main] DEBUG org.springframework.boot.test.context.SpringBootTestContextBootstrapper - @TestExecutionListeners is not present for class [com.cs4256.drinkmorewater.ReviewTests]: using defaults.
23:14:46.096 [main] INFO org.springframework.boot.test.context.SpringBootTestContextBootstrapper - Loaded default TestExecutionListener class names from location [META-INF/spring.factories]: [org.springframework.boot.test.mock.mockito.MockitoTestExecutionListener, org.springframework.boot.test.mock.mockito.ResetMocksTestExecutionListener, org.springframework.boot.test.autoconfigure.restdocs.RestDocsTestExecutionListener, org.springframework.boot.test.autoconfigure.web.client.MockRestServiceServerResetTestExecutionListener, org.springframework.boot.test.autoconfigure.web.servlet.MockMvcPrintOnlyOnFailureTestExecutionListener, org.springframework.boot.test.autoconfigure.web.servlet.WebDriverTestExecutionListener, org.springframework.boot.test.autoconfigure.webservices.client.MockWebServiceServerTestExecutionListener, org.springframework.test.context.web.ServletTestExecutionListener, org.springframework.test.context.support.DirtiesContextBeforeModesTestExecutionListener, org.springframework.test.context.event.ApplicationEventsTestExecutionListener, org.springframework.test.context.support.DependencyInjectionTestExecutionListener, org.springframework.test.context.support.DirtiesContextTestExecutionListener, org.springframework.test.context.transaction.TransactionalTestExecutionListener, org.springframework.test.context.jdbc.SqlScriptsTestExecutionListener, org.springframework.test.context.event.EventPublishingTestExecutionListener]
23:14:46.096 [main] INFO org.springframework.boot.test.context.SpringBootTestContextBootstrapper - Using TestExecutionListeners: [org.springframework.test.context.web.ServletTestExecutionListener@5f2606b, org.springframework.test.context.support.DirtiesContextBeforeModesTestExecutionListener@2b58f754, org.springframework.test.context.event.ApplicationEventsTestExecutionListener@3ebff828, org.springframework.boot.test.mock.mockito.MockitoTestExecutionListener@2552f2cb, org.springframework.boot.test.autoconfigure.SpringBootDependencyInjectionTestExecutionListener@33352f32, org.springframework.test.context.support.DirtiesContextTestExecutionListener@5f3b9c57, org.springframework.test.context.transaction.TransactionalTestExecutionListener@1e044120, org.springframework.test.context.jdbc.SqlScriptsTestExecutionListener@2cf23c81, org.springframework.test.context.event.EventPublishingTestExecutionListener@3624da92, org.springframework.boot.test.mock.mockito.ResetMocksTestExecutionListener@35fe2125, org.springframework.boot.test.autoconfigure.restdocs.RestDocsTestExecutionListener@94f6bfb, org.springframework.boot.test.autoconfigure.web.client.MockRestServiceServerResetTestExecutionListener@34645867, org.springframework.boot.test.autoconfigure.web.servlet.MockMvcPrintOnlyOnFailureTestExecutionListener@2484f433, org.springframework.boot.test.autoconfigure.web.servlet.WebDriverTestExecutionListener@60b71e8f, org.springframework.boot.test.autoconfigure.webservices.client.MockWebServiceServerTestExecutionListener@1255b1d1]
23:14:46.096 [main] DEBUG org.springframework.test.annotation.ProfileValueUtils - Retrieved @ProfileValueSourceConfiguration [null] for test class [com.cs4256.drinkmorewater.ReviewTests]
23:14:46.096 [main] DEBUG org.springframework.test.annotation.ProfileValueUtils - Retrieved ProfileValueSource type [class org.springframework.test.annotation.SystemProfileValueSource] for class [com.cs4256.drinkmorewater.ReviewTests]
23:14:46.096 [main] DEBUG org.springframework.test.annotation.ProfileValueUtils - Retrieved @ProfileValueSourceConfiguration [null] for test class [com.cs4256.drinkmorewater.ReviewTests]
23:14:46.096 [main] DEBUG org.springframework.test.annotation.ProfileValueUtils - Retrieved ProfileValueSource type [class org.springframework.test.annotation.SystemProfileValueSource] for class [com.cs4256.drinkmorewater.ReviewTests]
23:14:46.096 [main] DEBUG org.springframework.test.annotation.ProfileValueUtils - Retrieved @ProfileValueSourceConfiguration [null] for test class [com.cs4256.drinkmorewater.ReviewTests]
23:14:46.096 [main] DEBUG org.springframework.test.annotation.ProfileValueUtils - Retrieved ProfileValueSource type [class org.springframework.test.annotation.SystemProfileValueSource] for class [com.cs4256.drinkmorewater.ReviewTests]
23:14:46.097 [main] DEBUG org.springframework.test.context.junit4.SpringJUnit4ClassRunner - SpringJUnit4ClassRunner constructor called with [class com.cs4256.drinkmorewater.UserTests]
23:14:46.097 [main] DEBUG org.springframework.test.context.BootstrapUtils - Instantiating CacheAwareContextLoaderDelegate from class [org.springframework.test.context.cache.DefaultCacheAwareContextLoaderDelegate]
23:14:46.098 [main] DEBUG org.springframework.test.context.BootstrapUtils - Instantiating BootstrapContext using constructor [public org.springframework.test.context.support.DefaultBootstrapContext(java.lang.Class,org.springframework.test.context.CacheAwareContextLoaderDelegate)]
23:14:46.098 [main] DEBUG org.springframework.test.context.BootstrapUtils - Instantiating TestContextBootstrapper for test class [com.cs4256.drinkmorewater.UserTests] from class [org.springframework.boot.test.context.SpringBootTestContextBootstrapper]
23:14:46.099 [main] INFO org.springframework.boot.test.context.SpringBootTestContextBootstrapper - Neither @ContextConfiguration nor @ContextHierarchy found for test class [com.cs4256.drinkmorewater.UserTests], using SpringBootContextLoader
23:14:46.100 [main] DEBUG org.springframework.test.context.support.AbstractContextLoader - Did not detect default resource location for test class [com.cs4256.drinkmorewater.UserTests]: class path resource [com/cs4256/drinkmorewater/UserTests-context.xml] does not exist
23:14:46.100 [main] DEBUG org.springframework.test.context.support.AbstractContextLoader - Did not detect default resource location for test class [com.cs4256.drinkmorewater.UserTests]: class path resource [com/cs4256/drinkmorewater/UserTestsContext.groovy] does not exist
23:14:46.100 [main] INFO org.springframework.test.context.support.AbstractContextLoader - Could not detect default resource locations for test class [com.cs4256.drinkmorewater.UserTests]: no resource found for suffixes {-context.xml, Context.groovy}.
23:14:46.100 [main] INFO org.springframework.test.context.support.AnnotationConfigContextLoaderUtils - Could not detect default configuration classes for test class [com.cs4256.drinkmorewater.UserTests]: UserTests does not declare any static, non-private, non-final, nested classes annotated with @Configuration.
23:14:46.104 [main] DEBUG org.springframework.test.context.support.ActiveProfilesUtils - Could not find an 'annotation declaring class' for annotation type [org.springframework.test.context.ActiveProfiles] and class [com.cs4256.drinkmorewater.UserTests]
23:14:46.104 [main] INFO org.springframework.boot.test.context.SpringBootTestContextBootstrapper - Found @SpringBootConfiguration com.cs4256.drinkmorewater.DrinkMoreWaterApplication for test class com.cs4256.drinkmorewater.UserTests
23:14:46.106 [main] DEBUG org.springframework.boot.test.context.SpringBootTestContextBootstrapper - @TestExecutionListeners is not present for class [com.cs4256.drinkmorewater.UserTests]: using defaults.
23:14:46.106 [main] INFO org.springframework.boot.test.context.SpringBootTestContextBootstrapper - Loaded default TestExecutionListener class names from location [META-INF/spring.factories]: [org.springframework.boot.test.mock.mockito.MockitoTestExecutionListener, org.springframework.boot.test.mock.mockito.ResetMocksTestExecutionListener, org.springframework.boot.test.autoconfigure.restdocs.RestDocsTestExecutionListener, org.springframework.boot.test.autoconfigure.web.client.MockRestServiceServerResetTestExecutionListener, org.springframework.boot.test.autoconfigure.web.servlet.MockMvcPrintOnlyOnFailureTestExecutionListener, org.springframework.boot.test.autoconfigure.web.servlet.WebDriverTestExecutionListener, org.springframework.boot.test.autoconfigure.webservices.client.MockWebServiceServerTestExecutionListener, org.springframework.test.context.web.ServletTestExecutionListener, org.springframework.test.context.support.DirtiesContextBeforeModesTestExecutionListener, org.springframework.test.context.event.ApplicationEventsTestExecutionListener, org.springframework.test.context.support.DependencyInjectionTestExecutionListener, org.springframework.test.context.support.DirtiesContextTestExecutionListener, org.springframework.test.context.transaction.TransactionalTestExecutionListener, org.springframework.test.context.jdbc.SqlScriptsTestExecutionListener, org.springframework.test.context.event.EventPublishingTestExecutionListener]
23:14:46.108 [main] INFO org.springframework.boot.test.context.SpringBootTestContextBootstrapper - Using TestExecutionListeners: [org.springframework.test.context.web.ServletTestExecutionListener@2f7a7219, org.springframework.test.context.support.DirtiesContextBeforeModesTestExecutionListener@669513d8, org.springframework.test.context.event.ApplicationEventsTestExecutionListener@3a1d593e, org.springframework.boot.test.mock.mockito.MockitoTestExecutionListener@4a8a60bc, org.springframework.boot.test.autoconfigure.SpringBootDependencyInjectionTestExecutionListener@361c294e, org.springframework.test.context.support.DirtiesContextTestExecutionListener@7859e786, org.springframework.test.context.transaction.TransactionalTestExecutionListener@285d851a, org.springframework.test.context.jdbc.SqlScriptsTestExecutionListener@314b8f2d, org.springframework.test.context.event.EventPublishingTestExecutionListener@664a9613, org.springframework.boot.test.mock.mockito.ResetMocksTestExecutionListener@5118388b, org.springframework.boot.test.autoconfigure.restdocs.RestDocsTestExecutionListener@15a902e7, org.springframework.boot.test.autoconfigure.web.client.MockRestServiceServerResetTestExecutionListener@7876d598, org.springframework.boot.test.autoconfigure.web.servlet.MockMvcPrintOnlyOnFailureTestExecutionListener@4a3e3e8b, org.springframework.boot.test.autoconfigure.web.servlet.WebDriverTestExecutionListener@5af28b27, org.springframework.boot.test.autoconfigure.webservices.client.MockWebServiceServerTestExecutionListener@71104a4]
23:14:46.109 [main] DEBUG org.springframework.test.annotation.ProfileValueUtils - Retrieved @ProfileValueSourceConfiguration [null] for test class [com.cs4256.drinkmorewater.UserTests]
23:14:46.109 [main] DEBUG org.springframework.test.annotation.ProfileValueUtils - Retrieved ProfileValueSource type [class org.springframework.test.annotation.SystemProfileValueSource] for class [com.cs4256.drinkmorewater.UserTests]
23:14:46.109 [main] DEBUG org.springframework.test.annotation.ProfileValueUtils - Retrieved @ProfileValueSourceConfiguration [null] for test class [com.cs4256.drinkmorewater.UserTests]
23:14:46.109 [main] DEBUG org.springframework.test.annotation.ProfileValueUtils - Retrieved ProfileValueSource type [class org.springframework.test.annotation.SystemProfileValueSource] for class [com.cs4256.drinkmorewater.UserTests]
23:14:46.109 [main] DEBUG org.springframework.test.annotation.ProfileValueUtils - Retrieved @ProfileValueSourceConfiguration [null] for test class [com.cs4256.drinkmorewater.UserTests]
23:14:46.109 [main] DEBUG org.springframework.test.annotation.ProfileValueUtils - Retrieved ProfileValueSource type [class org.springframework.test.annotation.SystemProfileValueSource] for class [com.cs4256.drinkmorewater.UserTests]
23:14:46.136 [main] DEBUG org.springframework.test.annotation.ProfileValueUtils - Retrieved @ProfileValueSourceConfiguration [null] for test class [com.cs4256.drinkmorewater.BookmarkTests]
23:14:46.136 [main] DEBUG org.springframework.test.annotation.ProfileValueUtils - Retrieved ProfileValueSource type [class org.springframework.test.annotation.SystemProfileValueSource] for class [com.cs4256.drinkmorewater.BookmarkTests]
23:14:46.141 [main] DEBUG org.springframework.test.annotation.ProfileValueUtils - Retrieved @ProfileValueSourceConfiguration [null] for test class [com.cs4256.drinkmorewater.BookmarkTests]
23:14:46.141 [main] DEBUG org.springframework.test.annotation.ProfileValueUtils - Retrieved ProfileValueSource type [class org.springframework.test.annotation.SystemProfileValueSource] for class [com.cs4256.drinkmorewater.BookmarkTests]
23:14:46.142 [main] DEBUG org.springframework.test.annotation.ProfileValueUtils - Retrieved @ProfileValueSourceConfiguration [null] for test class [com.cs4256.drinkmorewater.BookmarkTests]
23:14:46.142 [main] DEBUG org.springframework.test.annotation.ProfileValueUtils - Retrieved ProfileValueSource type [class org.springframework.test.annotation.SystemProfileValueSource] for class [com.cs4256.drinkmorewater.BookmarkTests]
23:14:46.149 [main] DEBUG org.springframework.test.context.support.AbstractDirtiesContextTestExecutionListener - Before test class: context [DefaultTestContext@6691490c testClass = BookmarkTests, testInstance = [null], testMethod = [null], testException = [null], mergedContextConfiguration = [WebMergedContextConfiguration@2187fff7 testClass = BookmarkTests, locations = '{}', classes = '{class com.cs4256.drinkmorewater.DrinkMoreWaterApplication}', contextInitializerClasses = '[]', activeProfiles = '{}', propertySourceLocations = '{}', propertySourceProperties = '{org.springframework.boot.test.context.SpringBootTestContextBootstrapper=true}', contextCustomizers = set[org.springframework.boot.test.context.filter.ExcludeFilterContextCustomizer@5852c06f, org.springframework.boot.test.json.DuplicateJsonObjectContextCustomizerFactory$DuplicateJsonObjectContextCustomizer@376a0d86, org.springframework.boot.test.mock.mockito.MockitoContextCustomizer@b02f9515, org.springframework.boot.test.web.client.TestRestTemplateContextCustomizer@1ec9bd38, org.springframework.boot.test.autoconfigure.actuate.metrics.MetricsExportContextCustomizerFactory$DisableMetricExportContextCustomizer@19976a65, org.springframework.boot.test.autoconfigure.properties.PropertyMappingContextCustomizer@0, org.springframework.boot.test.autoconfigure.web.servlet.WebDriverContextCustomizerFactory$Customizer@48b67364, org.springframework.boot.test.context.SpringBootTestArgs@1, org.springframework.boot.test.context.SpringBootTestWebEnvironment@302c971f], resourceBasePath = 'src/main/webapp', contextLoader = 'org.springframework.boot.test.context.SpringBootContextLoader', parent = [null]], attributes = map['org.springframework.test.context.web.ServletTestExecutionListener.activateListener' -> true]], class annotated with @DirtiesContext [false] with mode [null].
23:14:46.150 [main] DEBUG org.springframework.test.annotation.ProfileValueUtils - Retrieved @ProfileValueSourceConfiguration [null] for test class [com.cs4256.drinkmorewater.BookmarkTests]
23:14:46.151 [main] DEBUG org.springframework.test.annotation.ProfileValueUtils - Retrieved ProfileValueSource type [class org.springframework.test.annotation.SystemProfileValueSource] for class [com.cs4256.drinkmorewater.BookmarkTests]

  .   ____          _            __ _ _
 /\\ / ___'_ __ _ _(_)_ __  __ _ \ \ \ \
( ( )\___ | '_ | '_| | '_ \/ _` | \ \ \ \
 \\/  ___)| |_)| | | | | || (_| |  ) ) ) )
  '  |____| .__|_| |_|_| |_\__, | / / / /
 =========|_|==============|___/=/_/_/_/
 :: Spring Boot ::                (v2.7.4)

2022-12-05 23:14:46.450  INFO 11320 --- [           main] com.cs4256.drinkmorewater.BookmarkTests  : Starting BookmarkTests using Java 11.0.16.1 on Ruochens with PID 11320 (started by ruoch in C:\Users\ruoch\Desktop\2022 FALL\CS4156 Advanced software engineering\CS4156_DrinkMoreWater)
2022-12-05 23:14:46.451  INFO 11320 --- [           main] com.cs4256.drinkmorewater.BookmarkTests  : No active profile set, falling back to 1 default profile: "default"
2022-12-05 23:14:47.089  INFO 11320 --- [           main] .s.d.r.c.RepositoryConfigurationDelegate : Bootstrapping Spring Data JPA repositories in DEFAULT mode.
2022-12-05 23:14:47.115  INFO 11320 --- [           main] .s.d.r.c.RepositoryConfigurationDelegate : Finished Spring Data repository scanning in 17 ms. Found 0 JPA repository interfaces.
2022-12-05 23:14:47.806  INFO 11320 --- [           main] c.a.d.s.b.a.DruidDataSourceAutoConfigure : Init DruidDataSource
2022-12-05 23:14:48.037  INFO 11320 --- [           main] com.alibaba.druid.pool.DruidDataSource   : {dataSource-1} inited
2022-12-05 23:14:48.249  INFO 11320 --- [           main] o.hibernate.jpa.internal.util.LogHelper  : HHH000204: Processing PersistenceUnitInfo [name: default]
2022-12-05 23:14:48.334  INFO 11320 --- [           main] org.hibernate.Version                    : HHH000412: Hibernate ORM core version 5.6.11.Final
2022-12-05 23:14:48.400  INFO 11320 --- [           main] o.hibernate.annotations.common.Version   : HCANN000001: Hibernate Commons Annotations {5.1.2.Final}
2022-12-05 23:14:49.397  INFO 11320 --- [           main] org.hibernate.dialect.Dialect            : HHH000400: Using dialect: org.hibernate.dialect.MySQL8Dialect
2022-12-05 23:14:49.649  INFO 11320 --- [           main] o.h.e.t.j.p.i.JtaPlatformInitiator       : HHH000490: Using JtaPlatform implementation: [org.hibernate.engine.transaction.jta.platform.internal.NoJtaPlatform]
2022-12-05 23:14:49.657  INFO 11320 --- [           main] j.LocalContainerEntityManagerFactoryBean : Initialized JPA EntityManagerFactory for persistence unit 'default'
Logging initialized using 'class org.apache.ibatis.logging.stdout.StdOutImpl' adapter.
Parsed mapper file: 'file [C:\Users\ruoch\Desktop\2022 FALL\CS4156 Advanced software engineering\CS4156_DrinkMoreWater\target\classes\mapper\Bookmarkmapper.xml]'
Parsed mapper file: 'file [C:\Users\ruoch\Desktop\2022 FALL\CS4156 Advanced software engineering\CS4156_DrinkMoreWater\target\classes\mapper\OrderProfileMapper.xml]'
Parsed mapper file: 'file [C:\Users\ruoch\Desktop\2022 FALL\CS4156 Advanced software engineering\CS4156_DrinkMoreWater\target\classes\mapper\RestaurantMapper.xml]'
Parsed mapper file: 'file [C:\Users\ruoch\Desktop\2022 FALL\CS4156 Advanced software engineering\CS4156_DrinkMoreWater\target\classes\mapper\ReviewMapper.xml]'
 _ _   |_  _ _|_. ___ _ |    _ 
| | |\/|_)(_| | |_\  |_)||_|_\ 
     /               |         
                        3.4.3 
2022-12-05 23:14:50.695  WARN 11320 --- [           main] JpaBaseConfiguration$JpaWebConfiguration : spring.jpa.open-in-view is enabled by default. Therefore, database queries may be performed during view rendering. Explicitly configure spring.jpa.open-in-view to disable this warning
2022-12-05 23:14:51.259  INFO 11320 --- [           main] com.cs4256.drinkmorewater.BookmarkTests  : Started BookmarkTests in 5.08 seconds (JVM running for 6.178)
]]></system-out>
  </testcase>
  <testcase name="testCountByUserId" classname="com.cs4256.drinkmorewater.BookmarkTests" time="0.005"/>
  <testcase name="testGetByRestId" classname="com.cs4256.drinkmorewater.BookmarkTests" time="0.004"/>
  <testcase name="testGetByUserId" classname="com.cs4256.drinkmorewater.BookmarkTests" time="0.004"/>
  <testcase name="testRemoveBookmark" classname="com.cs4256.drinkmorewater.BookmarkTests" time="0.006"/>
  <testcase name="testGetById" classname="com.cs4256.drinkmorewater.BookmarkTests" time="0.006"/>
  <testcase name="testAddBookmark" classname="com.cs4256.drinkmorewater.BookmarkTests" time="0.005"/>
  <testcase name="testInvalidUpdate" classname="com.cs4256.drinkmorewater.BookmarkTests" time="0.004"/>
  <testcase name="testGetAll" classname="com.cs4256.drinkmorewater.BookmarkTests" time="0.011"/>
  <testcase name="testUpdate" classname="com.cs4256.drinkmorewater.BookmarkTests" time="0.004"/>
</testsuite>