<?xml version="1.0" encoding="UTF-8"?>
<testsuite xmlns:xsi="http://www.w3.org/2001/XMLSchema-instance" xsi:noNamespaceSchemaLocation="https://maven.apache.org/surefire/maven-surefire-plugin/xsd/surefire-test-report-3.0.xsd" version="3.0" name="com.cs4256.drinkmorewater.DishTests" time="1.717" tests="6" errors="0" skipped="0" failures="0">
  <properties>
[...]
</properties>
  <testcase name="testAddDish" classname="com.cs4256.drinkmorewater.DishTests" time="0.01">
    <system-out><![CDATA[
  .   ____          _            __ _ _
 /\\ / ___'_ __ _ _(_)_ __  __ _ \ \ \ \
( ( )\___ | '_ | '_| | '_ \/ _` | \ \ \ \
 \\/  ___)| |_)| | | | | || (_| |  ) ) ) )
  '  |____| .__|_| |_|_| |_\__, | / / / /
 =========|_|==============|___/=/_/_/_/
 :: Spring Boot ::                (v2.7.4)

2022-12-05 23:14:51.442  INFO 11320 --- [           main] com.cs4256.drinkmorewater.DishTests      : Starting DishTests using Java 11.0.16.1 on Ruochens with PID 11320 (started by ruoch in C:\Users\ruoch\Desktop\2022 FALL\CS4156 Advanced software engineering\CS4156_DrinkMoreWater)
2022-12-05 23:14:51.443  INFO 11320 --- [           main] com.cs4256.drinkmorewater.DishTests      : No active profile set, falling back to 1 default profile: "default"
2022-12-05 23:14:51.693  INFO 11320 --- [           main] .s.d.r.c.RepositoryConfigurationDelegate : Bootstrapping Spring Data JPA repositories in DEFAULT mode.
2022-12-05 23:14:51.706  INFO 11320 --- [           main] .s.d.r.c.RepositoryConfigurationDelegate : Finished Spring Data repository scanning in 13 ms. Found 0 JPA repository interfaces.
2022-12-05 23:14:51.843  INFO 11320 --- [           main] c.a.d.s.b.a.DruidDataSourceAutoConfigure : Init DruidDataSource
2022-12-05 23:14:51.890  INFO 11320 --- [           main] com.alibaba.druid.pool.DruidDataSource   : {dataSource-2} inited
2022-12-05 23:14:51.929  INFO 11320 --- [           main] o.hibernate.jpa.internal.util.LogHelper  : HHH000204: Processing PersistenceUnitInfo [name: default]
2022-12-05 23:14:52.119  INFO 11320 --- [           main] org.hibernate.dialect.Dialect            : HHH000400: Using dialect: org.hibernate.dialect.MySQL8Dialect
2022-12-05 23:14:52.163  INFO 11320 --- [           main] o.h.e.t.j.p.i.JtaPlatformInitiator       : HHH000490: Using JtaPlatform implementation: [org.hibernate.engine.transaction.jta.platform.internal.NoJtaPlatform]
2022-12-05 23:14:52.163  INFO 11320 --- [           main] j.LocalContainerEntityManagerFactoryBean : Initialized JPA EntityManagerFactory for persistence unit 'default'
Logging initialized using 'class org.apache.ibatis.logging.stdout.StdOutImpl' adapter.
Parsed mapper file: 'file [C:\Users\ruoch\Desktop\2022 FALL\CS4156 Advanced software engineering\CS4156_DrinkMoreWater\target\classes\mapper\Bookmarkmapper.xml]'
Parsed mapper file: 'file [C:\Users\ruoch\Desktop\2022 FALL\CS4156 Advanced software engineering\CS4156_DrinkMoreWater\target\classes\mapper\OrderProfileMapper.xml]'
Parsed mapper file: 'file [C:\Users\ruoch\Desktop\2022 FALL\CS4156 Advanced software engineering\CS4156_DrinkMoreWater\target\classes\mapper\RestaurantMapper.xml]'
Parsed mapper file: 'file [C:\Users\ruoch\Desktop\2022 FALL\CS4156 Advanced software engineering\CS4156_DrinkMoreWater\target\classes\mapper\ReviewMapper.xml]'
 _ _   |_  _ _|_. ___ _ |    _ 
| | |\/|_)(_| | |_\  |_)||_|_\ 
     /               |         
                        3.4.3 
2022-12-05 23:14:52.753  WARN 11320 --- [           main] JpaBaseConfiguration$JpaWebConfiguration : spring.jpa.open-in-view is enabled by default. Therefore, database queries may be performed during view rendering. Explicitly configure spring.jpa.open-in-view to disable this warning
2022-12-05 23:14:53.091  INFO 11320 --- [           main] com.cs4256.drinkmorewater.DishTests      : Started DishTests in 1.672 seconds (JVM running for 8.011)
]]></system-out>
  </testcase>
  <testcase name="testGetById" classname="com.cs4256.drinkmorewater.DishTests" time="0.005"/>
  <testcase name="testRemoveDish" classname="com.cs4256.drinkmorewater.DishTests" time="0.005"/>
  <testcase name="testInvalidUpdate" classname="com.cs4256.drinkmorewater.DishTests" time="0.004"/>
  <testcase name="testGetAll" classname="com.cs4256.drinkmorewater.DishTests" time="0.004"/>
  <testcase name="testUpdate" classname="com.cs4256.drinkmorewater.DishTests" time="0.005"/>
</testsuite>